[0.195s] DEBUG:colcon:Command line arguments: ['/usr/bin/colcon', 'build', '--symlink-install']
[0.195s] DEBUG:colcon:Parsed command line arguments: Namespace(log_base=None, log_level=None, verb_name='build', build_base='build', install_base='install', merge_install=False, symlink_install=True, test_result_base=None, continue_on_error=False, executor='parallel', parallel_workers=16, event_handlers=None, ignore_user_meta=False, metas=['./colcon.meta'], base_paths=['.'], packages_ignore=None, packages_ignore_regex=None, paths=None, packages_up_to=None, packages_up_to_regex=None, packages_above=None, packages_above_and_dependencies=None, packages_above_depth=None, packages_select_by_dep=None, packages_skip_by_dep=None, packages_skip_up_to=None, packages_select_build_failed=False, packages_skip_build_finished=False, packages_select_test_failures=False, packages_skip_test_passed=False, packages_select=None, packages_skip=None, packages_select_regex=None, packages_skip_regex=None, packages_start=None, packages_end=None, allow_overriding=[], cmake_args=None, cmake_target=None, cmake_target_skip_unavailable=False, cmake_clean_cache=False, cmake_clean_first=False, cmake_force_configure=False, ament_cmake_args=None, catkin_cmake_args=None, catkin_skip_building_tests=False, mixin_files=None, mixin=None, verb_parser=<colcon_mixin.mixin.mixin_argument.MixinArgumentDecorator object at 0x731d9773e140>, verb_extension=<colcon_core.verb.build.BuildVerb object at 0x731d9773dc90>, main=<bound method BuildVerb.main of <colcon_core.verb.build.BuildVerb object at 0x731d9773dc90>>, mixin_verb=('build',))
[0.388s] Level 1:colcon.colcon_core.package_discovery:discover_packages(colcon_meta) check parameters
[0.388s] Level 1:colcon.colcon_core.package_discovery:discover_packages(recursive) check parameters
[0.388s] Level 1:colcon.colcon_core.package_discovery:discover_packages(ignore) check parameters
[0.388s] Level 1:colcon.colcon_core.package_discovery:discover_packages(path) check parameters
[0.388s] Level 1:colcon.colcon_core.package_discovery:discover_packages(colcon_meta) discover
[0.388s] Level 1:colcon.colcon_core.package_discovery:discover_packages(recursive) discover
[0.388s] INFO:colcon.colcon_core.package_discovery:Crawling recursively for packages in '/home/gaomoqi/ArmYolo_ws'
[0.389s] Level 1:colcon.colcon_core.package_identification:_identify(.) by extensions ['ignore', 'ignore_ament_install']
[0.389s] Level 1:colcon.colcon_core.package_identification:_identify(.) by extension 'ignore'
[0.389s] Level 1:colcon.colcon_core.package_identification:_identify(.) by extension 'ignore_ament_install'
[0.389s] Level 1:colcon.colcon_core.package_identification:_identify(.) by extensions ['colcon_pkg']
[0.389s] Level 1:colcon.colcon_core.package_identification:_identify(.) by extension 'colcon_pkg'
[0.389s] Level 1:colcon.colcon_core.package_identification:_identify(.) by extensions ['colcon_meta']
[0.389s] Level 1:colcon.colcon_core.package_identification:_identify(.) by extension 'colcon_meta'
[0.389s] Level 1:colcon.colcon_core.package_identification:_identify(.) by extensions ['ros']
[0.389s] Level 1:colcon.colcon_core.package_identification:_identify(.) by extension 'ros'
[0.397s] Level 1:colcon.colcon_core.package_identification:_identify(.) by extensions ['cmake', 'python']
[0.397s] Level 1:colcon.colcon_core.package_identification:_identify(.) by extension 'cmake'
[0.397s] Level 1:colcon.colcon_core.package_identification:_identify(.) by extension 'python'
[0.397s] Level 1:colcon.colcon_core.package_identification:_identify(.) by extensions ['python_setup_py']
[0.397s] Level 1:colcon.colcon_core.package_identification:_identify(.) by extension 'python_setup_py'
[0.397s] Level 1:colcon.colcon_core.package_identification:_identify(72-stl) by extensions ['ignore', 'ignore_ament_install']
[0.397s] Level 1:colcon.colcon_core.package_identification:_identify(72-stl) by extension 'ignore'
[0.397s] Level 1:colcon.colcon_core.package_identification:_identify(72-stl) by extension 'ignore_ament_install'
[0.397s] Level 1:colcon.colcon_core.package_identification:_identify(72-stl) by extensions ['colcon_pkg']
[0.397s] Level 1:colcon.colcon_core.package_identification:_identify(72-stl) by extension 'colcon_pkg'
[0.397s] Level 1:colcon.colcon_core.package_identification:_identify(72-stl) by extensions ['colcon_meta']
[0.397s] Level 1:colcon.colcon_core.package_identification:_identify(72-stl) by extension 'colcon_meta'
[0.397s] Level 1:colcon.colcon_core.package_identification:_identify(72-stl) by extensions ['ros']
[0.397s] Level 1:colcon.colcon_core.package_identification:_identify(72-stl) by extension 'ros'
[0.397s] Level 1:colcon.colcon_core.package_identification:_identify(72-stl) by extensions ['cmake', 'python']
[0.397s] Level 1:colcon.colcon_core.package_identification:_identify(72-stl) by extension 'cmake'
[0.397s] Level 1:colcon.colcon_core.package_identification:_identify(72-stl) by extension 'python'
[0.397s] Level 1:colcon.colcon_core.package_identification:_identify(72-stl) by extensions ['python_setup_py']
[0.397s] Level 1:colcon.colcon_core.package_identification:_identify(72-stl) by extension 'python_setup_py'
[0.397s] Level 1:colcon.colcon_core.package_identification:_identify(72-stl/stl) by extensions ['ignore', 'ignore_ament_install']
[0.397s] Level 1:colcon.colcon_core.package_identification:_identify(72-stl/stl) by extension 'ignore'
[0.397s] Level 1:colcon.colcon_core.package_identification:_identify(72-stl/stl) by extension 'ignore_ament_install'
[0.397s] Level 1:colcon.colcon_core.package_identification:_identify(72-stl/stl) by extensions ['colcon_pkg']
[0.397s] Level 1:colcon.colcon_core.package_identification:_identify(72-stl/stl) by extension 'colcon_pkg'
[0.397s] Level 1:colcon.colcon_core.package_identification:_identify(72-stl/stl) by extensions ['colcon_meta']
[0.397s] Level 1:colcon.colcon_core.package_identification:_identify(72-stl/stl) by extension 'colcon_meta'
[0.397s] Level 1:colcon.colcon_core.package_identification:_identify(72-stl/stl) by extensions ['ros']
[0.397s] Level 1:colcon.colcon_core.package_identification:_identify(72-stl/stl) by extension 'ros'
[0.397s] Level 1:colcon.colcon_core.package_identification:_identify(72-stl/stl) by extensions ['cmake', 'python']
[0.397s] Level 1:colcon.colcon_core.package_identification:_identify(72-stl/stl) by extension 'cmake'
[0.397s] Level 1:colcon.colcon_core.package_identification:_identify(72-stl/stl) by extension 'python'
[0.398s] Level 1:colcon.colcon_core.package_identification:_identify(72-stl/stl) by extensions ['python_setup_py']
[0.398s] Level 1:colcon.colcon_core.package_identification:_identify(72-stl/stl) by extension 'python_setup_py'
[0.398s] Level 1:colcon.colcon_core.package_identification:_identify(build) by extensions ['ignore', 'ignore_ament_install']
[0.398s] Level 1:colcon.colcon_core.package_identification:_identify(build) by extension 'ignore'
[0.398s] Level 1:colcon.colcon_core.package_identification:_identify(build) ignored
[0.398s] Level 1:colcon.colcon_core.package_identification:_identify(cleaned_data) by extensions ['ignore', 'ignore_ament_install']
[0.398s] Level 1:colcon.colcon_core.package_identification:_identify(cleaned_data) by extension 'ignore'
[0.398s] Level 1:colcon.colcon_core.package_identification:_identify(cleaned_data) by extension 'ignore_ament_install'
[0.398s] Level 1:colcon.colcon_core.package_identification:_identify(cleaned_data) by extensions ['colcon_pkg']
[0.398s] Level 1:colcon.colcon_core.package_identification:_identify(cleaned_data) by extension 'colcon_pkg'
[0.398s] Level 1:colcon.colcon_core.package_identification:_identify(cleaned_data) by extensions ['colcon_meta']
[0.398s] Level 1:colcon.colcon_core.package_identification:_identify(cleaned_data) by extension 'colcon_meta'
[0.398s] Level 1:colcon.colcon_core.package_identification:_identify(cleaned_data) by extensions ['ros']
[0.398s] Level 1:colcon.colcon_core.package_identification:_identify(cleaned_data) by extension 'ros'
[0.398s] Level 1:colcon.colcon_core.package_identification:_identify(cleaned_data) by extensions ['cmake', 'python']
[0.398s] Level 1:colcon.colcon_core.package_identification:_identify(cleaned_data) by extension 'cmake'
[0.398s] Level 1:colcon.colcon_core.package_identification:_identify(cleaned_data) by extension 'python'
[0.398s] Level 1:colcon.colcon_core.package_identification:_identify(cleaned_data) by extensions ['python_setup_py']
[0.398s] Level 1:colcon.colcon_core.package_identification:_identify(cleaned_data) by extension 'python_setup_py'
[0.398s] Level 1:colcon.colcon_core.package_identification:_identify(data) by extensions ['ignore', 'ignore_ament_install']
[0.398s] Level 1:colcon.colcon_core.package_identification:_identify(data) by extension 'ignore'
[0.398s] Level 1:colcon.colcon_core.package_identification:_identify(data) by extension 'ignore_ament_install'
[0.398s] Level 1:colcon.colcon_core.package_identification:_identify(data) by extensions ['colcon_pkg']
[0.398s] Level 1:colcon.colcon_core.package_identification:_identify(data) by extension 'colcon_pkg'
[0.398s] Level 1:colcon.colcon_core.package_identification:_identify(data) by extensions ['colcon_meta']
[0.398s] Level 1:colcon.colcon_core.package_identification:_identify(data) by extension 'colcon_meta'
[0.398s] Level 1:colcon.colcon_core.package_identification:_identify(data) by extensions ['ros']
[0.398s] Level 1:colcon.colcon_core.package_identification:_identify(data) by extension 'ros'
[0.398s] Level 1:colcon.colcon_core.package_identification:_identify(data) by extensions ['cmake', 'python']
[0.398s] Level 1:colcon.colcon_core.package_identification:_identify(data) by extension 'cmake'
[0.398s] Level 1:colcon.colcon_core.package_identification:_identify(data) by extension 'python'
[0.398s] Level 1:colcon.colcon_core.package_identification:_identify(data) by extensions ['python_setup_py']
[0.398s] Level 1:colcon.colcon_core.package_identification:_identify(data) by extension 'python_setup_py'
[0.398s] Level 1:colcon.colcon_core.package_identification:_identify(data_2025_1_20) by extensions ['ignore', 'ignore_ament_install']
[0.398s] Level 1:colcon.colcon_core.package_identification:_identify(data_2025_1_20) by extension 'ignore'
[0.398s] Level 1:colcon.colcon_core.package_identification:_identify(data_2025_1_20) by extension 'ignore_ament_install'
[0.398s] Level 1:colcon.colcon_core.package_identification:_identify(data_2025_1_20) by extensions ['colcon_pkg']
[0.398s] Level 1:colcon.colcon_core.package_identification:_identify(data_2025_1_20) by extension 'colcon_pkg'
[0.398s] Level 1:colcon.colcon_core.package_identification:_identify(data_2025_1_20) by extensions ['colcon_meta']
[0.398s] Level 1:colcon.colcon_core.package_identification:_identify(data_2025_1_20) by extension 'colcon_meta'
[0.398s] Level 1:colcon.colcon_core.package_identification:_identify(data_2025_1_20) by extensions ['ros']
[0.398s] Level 1:colcon.colcon_core.package_identification:_identify(data_2025_1_20) by extension 'ros'
[0.398s] Level 1:colcon.colcon_core.package_identification:_identify(data_2025_1_20) by extensions ['cmake', 'python']
[0.398s] Level 1:colcon.colcon_core.package_identification:_identify(data_2025_1_20) by extension 'cmake'
[0.398s] Level 1:colcon.colcon_core.package_identification:_identify(data_2025_1_20) by extension 'python'
[0.398s] Level 1:colcon.colcon_core.package_identification:_identify(data_2025_1_20) by extensions ['python_setup_py']
[0.399s] Level 1:colcon.colcon_core.package_identification:_identify(data_2025_1_20) by extension 'python_setup_py'
[0.399s] Level 1:colcon.colcon_core.package_identification:_identify(install) by extensions ['ignore', 'ignore_ament_install']
[0.399s] Level 1:colcon.colcon_core.package_identification:_identify(install) by extension 'ignore'
[0.399s] Level 1:colcon.colcon_core.package_identification:_identify(install) ignored
[0.399s] Level 1:colcon.colcon_core.package_identification:_identify(log) by extensions ['ignore', 'ignore_ament_install']
[0.399s] Level 1:colcon.colcon_core.package_identification:_identify(log) by extension 'ignore'
[0.399s] Level 1:colcon.colcon_core.package_identification:_identify(log) ignored
[0.399s] Level 1:colcon.colcon_core.package_identification:_identify(src) by extensions ['ignore', 'ignore_ament_install']
[0.399s] Level 1:colcon.colcon_core.package_identification:_identify(src) by extension 'ignore'
[0.399s] Level 1:colcon.colcon_core.package_identification:_identify(src) by extension 'ignore_ament_install'
[0.399s] Level 1:colcon.colcon_core.package_identification:_identify(src) by extensions ['colcon_pkg']
[0.399s] Level 1:colcon.colcon_core.package_identification:_identify(src) by extension 'colcon_pkg'
[0.399s] Level 1:colcon.colcon_core.package_identification:_identify(src) by extensions ['colcon_meta']
[0.399s] Level 1:colcon.colcon_core.package_identification:_identify(src) by extension 'colcon_meta'
[0.399s] Level 1:colcon.colcon_core.package_identification:_identify(src) by extensions ['ros']
[0.399s] Level 1:colcon.colcon_core.package_identification:_identify(src) by extension 'ros'
[0.399s] Level 1:colcon.colcon_core.package_identification:_identify(src) by extensions ['cmake', 'python']
[0.399s] Level 1:colcon.colcon_core.package_identification:_identify(src) by extension 'cmake'
[0.399s] Level 1:colcon.colcon_core.package_identification:_identify(src) by extension 'python'
[0.399s] Level 1:colcon.colcon_core.package_identification:_identify(src) by extensions ['python_setup_py']
[0.399s] Level 1:colcon.colcon_core.package_identification:_identify(src) by extension 'python_setup_py'
[0.399s] Level 1:colcon.colcon_core.package_identification:_identify(src/Data_Process) by extensions ['ignore', 'ignore_ament_install']
[0.399s] Level 1:colcon.colcon_core.package_identification:_identify(src/Data_Process) by extension 'ignore'
[0.399s] Level 1:colcon.colcon_core.package_identification:_identify(src/Data_Process) by extension 'ignore_ament_install'
[0.399s] Level 1:colcon.colcon_core.package_identification:_identify(src/Data_Process) by extensions ['colcon_pkg']
[0.399s] Level 1:colcon.colcon_core.package_identification:_identify(src/Data_Process) by extension 'colcon_pkg'
[0.399s] Level 1:colcon.colcon_core.package_identification:_identify(src/Data_Process) by extensions ['colcon_meta']
[0.399s] Level 1:colcon.colcon_core.package_identification:_identify(src/Data_Process) by extension 'colcon_meta'
[0.399s] Level 1:colcon.colcon_core.package_identification:_identify(src/Data_Process) by extensions ['ros']
[0.399s] Level 1:colcon.colcon_core.package_identification:_identify(src/Data_Process) by extension 'ros'
[0.399s] Level 1:colcon.colcon_core.package_identification:_identify(src/Data_Process) by extensions ['cmake', 'python']
[0.399s] Level 1:colcon.colcon_core.package_identification:_identify(src/Data_Process) by extension 'cmake'
[0.399s] Level 1:colcon.colcon_core.package_identification:_identify(src/Data_Process) by extension 'python'
[0.399s] Level 1:colcon.colcon_core.package_identification:_identify(src/Data_Process) by extensions ['python_setup_py']
[0.399s] Level 1:colcon.colcon_core.package_identification:_identify(src/Data_Process) by extension 'python_setup_py'
[0.399s] Level 1:colcon.colcon_core.package_identification:_identify(src/RTDE_Python_Client_Library) by extensions ['ignore', 'ignore_ament_install']
[0.399s] Level 1:colcon.colcon_core.package_identification:_identify(src/RTDE_Python_Client_Library) by extension 'ignore'
[0.399s] Level 1:colcon.colcon_core.package_identification:_identify(src/RTDE_Python_Client_Library) by extension 'ignore_ament_install'
[0.399s] Level 1:colcon.colcon_core.package_identification:_identify(src/RTDE_Python_Client_Library) by extensions ['colcon_pkg']
[0.399s] Level 1:colcon.colcon_core.package_identification:_identify(src/RTDE_Python_Client_Library) by extension 'colcon_pkg'
[0.399s] Level 1:colcon.colcon_core.package_identification:_identify(src/RTDE_Python_Client_Library) by extensions ['colcon_meta']
[0.399s] Level 1:colcon.colcon_core.package_identification:_identify(src/RTDE_Python_Client_Library) by extension 'colcon_meta'
[0.399s] Level 1:colcon.colcon_core.package_identification:_identify(src/RTDE_Python_Client_Library) by extensions ['ros']
[0.400s] Level 1:colcon.colcon_core.package_identification:_identify(src/RTDE_Python_Client_Library) by extension 'ros'
[0.400s] Level 1:colcon.colcon_core.package_identification:_identify(src/RTDE_Python_Client_Library) by extensions ['cmake', 'python']
[0.400s] Level 1:colcon.colcon_core.package_identification:_identify(src/RTDE_Python_Client_Library) by extension 'cmake'
[0.400s] Level 1:colcon.colcon_core.package_identification:_identify(src/RTDE_Python_Client_Library) by extension 'python'
[0.400s] DEBUG:colcon.colcon_core.package_identification:Python package in 'src/RTDE_Python_Client_Library' passes arguments to the setup() function which requires a different identification extension than 'python'
[0.400s] Level 1:colcon.colcon_core.package_identification:_identify(src/RTDE_Python_Client_Library) by extensions ['python_setup_py']
[0.400s] Level 1:colcon.colcon_core.package_identification:_identify(src/RTDE_Python_Client_Library) by extension 'python_setup_py'
[0.531s] DEBUG:colcon.colcon_core.package_identification:Package 'src/RTDE_Python_Client_Library' with type 'python' and name 'UrRtde'
[0.531s] Level 1:colcon.colcon_core.package_identification:_identify(src/Record_Train) by extensions ['ignore', 'ignore_ament_install']
[0.532s] Level 1:colcon.colcon_core.package_identification:_identify(src/Record_Train) by extension 'ignore'
[0.532s] Level 1:colcon.colcon_core.package_identification:_identify(src/Record_Train) by extension 'ignore_ament_install'
[0.532s] Level 1:colcon.colcon_core.package_identification:_identify(src/Record_Train) by extensions ['colcon_pkg']
[0.532s] Level 1:colcon.colcon_core.package_identification:_identify(src/Record_Train) by extension 'colcon_pkg'
[0.532s] Level 1:colcon.colcon_core.package_identification:_identify(src/Record_Train) by extensions ['colcon_meta']
[0.532s] Level 1:colcon.colcon_core.package_identification:_identify(src/Record_Train) by extension 'colcon_meta'
[0.532s] Level 1:colcon.colcon_core.package_identification:_identify(src/Record_Train) by extensions ['ros']
[0.532s] Level 1:colcon.colcon_core.package_identification:_identify(src/Record_Train) by extension 'ros'
[0.532s] Level 1:colcon.colcon_core.package_identification:_identify(src/Record_Train) by extensions ['cmake', 'python']
[0.532s] Level 1:colcon.colcon_core.package_identification:_identify(src/Record_Train) by extension 'cmake'
[0.532s] Level 1:colcon.colcon_core.package_identification:_identify(src/Record_Train) by extension 'python'
[0.532s] Level 1:colcon.colcon_core.package_identification:_identify(src/Record_Train) by extensions ['python_setup_py']
[0.532s] Level 1:colcon.colcon_core.package_identification:_identify(src/Record_Train) by extension 'python_setup_py'
[0.532s] Level 1:colcon.colcon_core.package_identification:_identify(src/URControl) by extensions ['ignore', 'ignore_ament_install']
[0.532s] Level 1:colcon.colcon_core.package_identification:_identify(src/URControl) by extension 'ignore'
[0.532s] Level 1:colcon.colcon_core.package_identification:_identify(src/URControl) by extension 'ignore_ament_install'
[0.532s] Level 1:colcon.colcon_core.package_identification:_identify(src/URControl) by extensions ['colcon_pkg']
[0.532s] Level 1:colcon.colcon_core.package_identification:_identify(src/URControl) by extension 'colcon_pkg'
[0.532s] Level 1:colcon.colcon_core.package_identification:_identify(src/URControl) by extensions ['colcon_meta']
[0.532s] Level 1:colcon.colcon_core.package_identification:_identify(src/URControl) by extension 'colcon_meta'
[0.532s] Level 1:colcon.colcon_core.package_identification:_identify(src/URControl) by extensions ['ros']
[0.532s] Level 1:colcon.colcon_core.package_identification:_identify(src/URControl) by extension 'ros'
[0.532s] Level 1:colcon.colcon_core.package_identification:_identify(src/URControl) by extensions ['cmake', 'python']
[0.532s] Level 1:colcon.colcon_core.package_identification:_identify(src/URControl) by extension 'cmake'
[0.532s] Level 1:colcon.colcon_core.package_identification:_identify(src/URControl) by extension 'python'
[0.532s] Level 1:colcon.colcon_core.package_identification:_identify(src/URControl) by extensions ['python_setup_py']
[0.532s] Level 1:colcon.colcon_core.package_identification:_identify(src/URControl) by extension 'python_setup_py'
[0.532s] Level 1:colcon.colcon_core.package_identification:_identify(src/UR_description) by extensions ['ignore', 'ignore_ament_install']
[0.532s] Level 1:colcon.colcon_core.package_identification:_identify(src/UR_description) by extension 'ignore'
[0.532s] Level 1:colcon.colcon_core.package_identification:_identify(src/UR_description) by extension 'ignore_ament_install'
[0.532s] Level 1:colcon.colcon_core.package_identification:_identify(src/UR_description) by extensions ['colcon_pkg']
[0.532s] Level 1:colcon.colcon_core.package_identification:_identify(src/UR_description) by extension 'colcon_pkg'
[0.532s] Level 1:colcon.colcon_core.package_identification:_identify(src/UR_description) by extensions ['colcon_meta']
[0.532s] Level 1:colcon.colcon_core.package_identification:_identify(src/UR_description) by extension 'colcon_meta'
[0.532s] Level 1:colcon.colcon_core.package_identification:_identify(src/UR_description) by extensions ['ros']
[0.532s] Level 1:colcon.colcon_core.package_identification:_identify(src/UR_description) by extension 'ros'
[0.533s] Level 1:colcon.colcon_core.package_identification:_identify(src/UR_description) by extensions ['cmake', 'python']
[0.533s] Level 1:colcon.colcon_core.package_identification:_identify(src/UR_description) by extension 'cmake'
[0.533s] Level 1:colcon.colcon_core.package_identification:_identify(src/UR_description) by extension 'python'
[0.533s] Level 1:colcon.colcon_core.package_identification:_identify(src/UR_description) by extensions ['python_setup_py']
[0.533s] Level 1:colcon.colcon_core.package_identification:_identify(src/UR_description) by extension 'python_setup_py'
[0.533s] Level 1:colcon.colcon_core.package_identification:_identify(src/Universal_Robots_ROS2_Gazebo_Simulation) by extensions ['ignore', 'ignore_ament_install']
[0.533s] Level 1:colcon.colcon_core.package_identification:_identify(src/Universal_Robots_ROS2_Gazebo_Simulation) by extension 'ignore'
[0.533s] Level 1:colcon.colcon_core.package_identification:_identify(src/Universal_Robots_ROS2_Gazebo_Simulation) by extension 'ignore_ament_install'
[0.533s] Level 1:colcon.colcon_core.package_identification:_identify(src/Universal_Robots_ROS2_Gazebo_Simulation) by extensions ['colcon_pkg']
[0.533s] Level 1:colcon.colcon_core.package_identification:_identify(src/Universal_Robots_ROS2_Gazebo_Simulation) by extension 'colcon_pkg'
[0.533s] Level 1:colcon.colcon_core.package_identification:_identify(src/Universal_Robots_ROS2_Gazebo_Simulation) by extensions ['colcon_meta']
[0.533s] Level 1:colcon.colcon_core.package_identification:_identify(src/Universal_Robots_ROS2_Gazebo_Simulation) by extension 'colcon_meta'
[0.533s] Level 1:colcon.colcon_core.package_identification:_identify(src/Universal_Robots_ROS2_Gazebo_Simulation) by extensions ['ros']
[0.533s] Level 1:colcon.colcon_core.package_identification:_identify(src/Universal_Robots_ROS2_Gazebo_Simulation) by extension 'ros'
[0.533s] Level 1:colcon.colcon_core.package_identification:_identify(src/Universal_Robots_ROS2_Gazebo_Simulation) by extensions ['cmake', 'python']
[0.533s] Level 1:colcon.colcon_core.package_identification:_identify(src/Universal_Robots_ROS2_Gazebo_Simulation) by extension 'cmake'
[0.534s] Level 1:colcon.colcon_core.package_identification:_identify(src/Universal_Robots_ROS2_Gazebo_Simulation) by extension 'python'
[0.534s] Level 1:colcon.colcon_core.package_identification:_identify(src/Universal_Robots_ROS2_Gazebo_Simulation) by extensions ['python_setup_py']
[0.534s] Level 1:colcon.colcon_core.package_identification:_identify(src/Universal_Robots_ROS2_Gazebo_Simulation) by extension 'python_setup_py'
[0.534s] Level 1:colcon.colcon_core.package_identification:_identify(src/Universal_Robots_ROS2_Gazebo_Simulation/ur_simulation_gazebo) by extensions ['ignore', 'ignore_ament_install']
[0.534s] Level 1:colcon.colcon_core.package_identification:_identify(src/Universal_Robots_ROS2_Gazebo_Simulation/ur_simulation_gazebo) by extension 'ignore'
[0.534s] Level 1:colcon.colcon_core.package_identification:_identify(src/Universal_Robots_ROS2_Gazebo_Simulation/ur_simulation_gazebo) by extension 'ignore_ament_install'
[0.534s] Level 1:colcon.colcon_core.package_identification:_identify(src/Universal_Robots_ROS2_Gazebo_Simulation/ur_simulation_gazebo) by extensions ['colcon_pkg']
[0.534s] Level 1:colcon.colcon_core.package_identification:_identify(src/Universal_Robots_ROS2_Gazebo_Simulation/ur_simulation_gazebo) by extension 'colcon_pkg'
[0.534s] Level 1:colcon.colcon_core.package_identification:_identify(src/Universal_Robots_ROS2_Gazebo_Simulation/ur_simulation_gazebo) by extensions ['colcon_meta']
[0.534s] Level 1:colcon.colcon_core.package_identification:_identify(src/Universal_Robots_ROS2_Gazebo_Simulation/ur_simulation_gazebo) by extension 'colcon_meta'
[0.534s] Level 1:colcon.colcon_core.package_identification:_identify(src/Universal_Robots_ROS2_Gazebo_Simulation/ur_simulation_gazebo) by extensions ['ros']
[0.534s] Level 1:colcon.colcon_core.package_identification:_identify(src/Universal_Robots_ROS2_Gazebo_Simulation/ur_simulation_gazebo) by extension 'ros'
[0.537s] DEBUG:colcon.colcon_core.package_identification:Package 'src/Universal_Robots_ROS2_Gazebo_Simulation/ur_simulation_gazebo' with type 'ros.ament_cmake' and name 'ur_simulation_gazebo'
[0.537s] Level 1:colcon.colcon_core.package_identification:_identify(src/__pycache__) by extensions ['ignore', 'ignore_ament_install']
[0.537s] Level 1:colcon.colcon_core.package_identification:_identify(src/__pycache__) by extension 'ignore'
[0.537s] Level 1:colcon.colcon_core.package_identification:_identify(src/__pycache__) by extension 'ignore_ament_install'
[0.537s] Level 1:colcon.colcon_core.package_identification:_identify(src/__pycache__) by extensions ['colcon_pkg']
[0.537s] Level 1:colcon.colcon_core.package_identification:_identify(src/__pycache__) by extension 'colcon_pkg'
[0.537s] Level 1:colcon.colcon_core.package_identification:_identify(src/__pycache__) by extensions ['colcon_meta']
[0.537s] Level 1:colcon.colcon_core.package_identification:_identify(src/__pycache__) by extension 'colcon_meta'
[0.537s] Level 1:colcon.colcon_core.package_identification:_identify(src/__pycache__) by extensions ['ros']
[0.537s] Level 1:colcon.colcon_core.package_identification:_identify(src/__pycache__) by extension 'ros'
[0.538s] Level 1:colcon.colcon_core.package_identification:_identify(src/__pycache__) by extensions ['cmake', 'python']
[0.538s] Level 1:colcon.colcon_core.package_identification:_identify(src/__pycache__) by extension 'cmake'
[0.538s] Level 1:colcon.colcon_core.package_identification:_identify(src/__pycache__) by extension 'python'
[0.538s] Level 1:colcon.colcon_core.package_identification:_identify(src/__pycache__) by extensions ['python_setup_py']
[0.538s] Level 1:colcon.colcon_core.package_identification:_identify(src/__pycache__) by extension 'python_setup_py'
[0.538s] Level 1:colcon.colcon_core.package_identification:_identify(training_output2025_01_20_14_55) by extensions ['ignore', 'ignore_ament_install']
[0.538s] Level 1:colcon.colcon_core.package_identification:_identify(training_output2025_01_20_14_55) by extension 'ignore'
[0.538s] Level 1:colcon.colcon_core.package_identification:_identify(training_output2025_01_20_14_55) by extension 'ignore_ament_install'
[0.538s] Level 1:colcon.colcon_core.package_identification:_identify(training_output2025_01_20_14_55) by extensions ['colcon_pkg']
[0.538s] Level 1:colcon.colcon_core.package_identification:_identify(training_output2025_01_20_14_55) by extension 'colcon_pkg'
[0.538s] Level 1:colcon.colcon_core.package_identification:_identify(training_output2025_01_20_14_55) by extensions ['colcon_meta']
[0.538s] Level 1:colcon.colcon_core.package_identification:_identify(training_output2025_01_20_14_55) by extension 'colcon_meta'
[0.538s] Level 1:colcon.colcon_core.package_identification:_identify(training_output2025_01_20_14_55) by extensions ['ros']
[0.538s] Level 1:colcon.colcon_core.package_identification:_identify(training_output2025_01_20_14_55) by extension 'ros'
[0.538s] Level 1:colcon.colcon_core.package_identification:_identify(training_output2025_01_20_14_55) by extensions ['cmake', 'python']
[0.538s] Level 1:colcon.colcon_core.package_identification:_identify(training_output2025_01_20_14_55) by extension 'cmake'
[0.538s] Level 1:colcon.colcon_core.package_identification:_identify(training_output2025_01_20_14_55) by extension 'python'
[0.538s] Level 1:colcon.colcon_core.package_identification:_identify(training_output2025_01_20_14_55) by extensions ['python_setup_py']
[0.538s] Level 1:colcon.colcon_core.package_identification:_identify(training_output2025_01_20_14_55) by extension 'python_setup_py'
[0.538s] Level 1:colcon.colcon_core.package_identification:_identify(training_output2025_01_20_15_25(trained1verified2)) by extensions ['ignore', 'ignore_ament_install']
[0.538s] Level 1:colcon.colcon_core.package_identification:_identify(training_output2025_01_20_15_25(trained1verified2)) by extension 'ignore'
[0.538s] Level 1:colcon.colcon_core.package_identification:_identify(training_output2025_01_20_15_25(trained1verified2)) by extension 'ignore_ament_install'
[0.538s] Level 1:colcon.colcon_core.package_identification:_identify(training_output2025_01_20_15_25(trained1verified2)) by extensions ['colcon_pkg']
[0.538s] Level 1:colcon.colcon_core.package_identification:_identify(training_output2025_01_20_15_25(trained1verified2)) by extension 'colcon_pkg'
[0.538s] Level 1:colcon.colcon_core.package_identification:_identify(training_output2025_01_20_15_25(trained1verified2)) by extensions ['colcon_meta']
[0.538s] Level 1:colcon.colcon_core.package_identification:_identify(training_output2025_01_20_15_25(trained1verified2)) by extension 'colcon_meta'
[0.538s] Level 1:colcon.colcon_core.package_identification:_identify(training_output2025_01_20_15_25(trained1verified2)) by extensions ['ros']
[0.538s] Level 1:colcon.colcon_core.package_identification:_identify(training_output2025_01_20_15_25(trained1verified2)) by extension 'ros'
[0.538s] Level 1:colcon.colcon_core.package_identification:_identify(training_output2025_01_20_15_25(trained1verified2)) by extensions ['cmake', 'python']
[0.538s] Level 1:colcon.colcon_core.package_identification:_identify(training_output2025_01_20_15_25(trained1verified2)) by extension 'cmake'
[0.538s] Level 1:colcon.colcon_core.package_identification:_identify(training_output2025_01_20_15_25(trained1verified2)) by extension 'python'
[0.538s] Level 1:colcon.colcon_core.package_identification:_identify(training_output2025_01_20_15_25(trained1verified2)) by extensions ['python_setup_py']
[0.538s] Level 1:colcon.colcon_core.package_identification:_identify(training_output2025_01_20_15_25(trained1verified2)) by extension 'python_setup_py'
[0.538s] Level 1:colcon.colcon_core.package_identification:_identify(training_output2025_01_21_14_37) by extensions ['ignore', 'ignore_ament_install']
[0.538s] Level 1:colcon.colcon_core.package_identification:_identify(training_output2025_01_21_14_37) by extension 'ignore'
[0.538s] Level 1:colcon.colcon_core.package_identification:_identify(training_output2025_01_21_14_37) by extension 'ignore_ament_install'
[0.538s] Level 1:colcon.colcon_core.package_identification:_identify(training_output2025_01_21_14_37) by extensions ['colcon_pkg']
[0.538s] Level 1:colcon.colcon_core.package_identification:_identify(training_output2025_01_21_14_37) by extension 'colcon_pkg'
[0.538s] Level 1:colcon.colcon_core.package_identification:_identify(training_output2025_01_21_14_37) by extensions ['colcon_meta']
[0.538s] Level 1:colcon.colcon_core.package_identification:_identify(training_output2025_01_21_14_37) by extension 'colcon_meta'
[0.538s] Level 1:colcon.colcon_core.package_identification:_identify(training_output2025_01_21_14_37) by extensions ['ros']
[0.538s] Level 1:colcon.colcon_core.package_identification:_identify(training_output2025_01_21_14_37) by extension 'ros'
[0.538s] Level 1:colcon.colcon_core.package_identification:_identify(training_output2025_01_21_14_37) by extensions ['cmake', 'python']
[0.538s] Level 1:colcon.colcon_core.package_identification:_identify(training_output2025_01_21_14_37) by extension 'cmake'
[0.538s] Level 1:colcon.colcon_core.package_identification:_identify(training_output2025_01_21_14_37) by extension 'python'
[0.539s] Level 1:colcon.colcon_core.package_identification:_identify(training_output2025_01_21_14_37) by extensions ['python_setup_py']
[0.539s] Level 1:colcon.colcon_core.package_identification:_identify(training_output2025_01_21_14_37) by extension 'python_setup_py'
[0.539s] Level 1:colcon.colcon_core.package_identification:_identify(training_output2025_01_21_15_58) by extensions ['ignore', 'ignore_ament_install']
[0.539s] Level 1:colcon.colcon_core.package_identification:_identify(training_output2025_01_21_15_58) by extension 'ignore'
[0.539s] Level 1:colcon.colcon_core.package_identification:_identify(training_output2025_01_21_15_58) by extension 'ignore_ament_install'
[0.539s] Level 1:colcon.colcon_core.package_identification:_identify(training_output2025_01_21_15_58) by extensions ['colcon_pkg']
[0.539s] Level 1:colcon.colcon_core.package_identification:_identify(training_output2025_01_21_15_58) by extension 'colcon_pkg'
[0.539s] Level 1:colcon.colcon_core.package_identification:_identify(training_output2025_01_21_15_58) by extensions ['colcon_meta']
[0.539s] Level 1:colcon.colcon_core.package_identification:_identify(training_output2025_01_21_15_58) by extension 'colcon_meta'
[0.539s] Level 1:colcon.colcon_core.package_identification:_identify(training_output2025_01_21_15_58) by extensions ['ros']
[0.539s] Level 1:colcon.colcon_core.package_identification:_identify(training_output2025_01_21_15_58) by extension 'ros'
[0.539s] Level 1:colcon.colcon_core.package_identification:_identify(training_output2025_01_21_15_58) by extensions ['cmake', 'python']
[0.539s] Level 1:colcon.colcon_core.package_identification:_identify(training_output2025_01_21_15_58) by extension 'cmake'
[0.539s] Level 1:colcon.colcon_core.package_identification:_identify(training_output2025_01_21_15_58) by extension 'python'
[0.539s] Level 1:colcon.colcon_core.package_identification:_identify(training_output2025_01_21_15_58) by extensions ['python_setup_py']
[0.539s] Level 1:colcon.colcon_core.package_identification:_identify(training_output2025_01_21_15_58) by extension 'python_setup_py'
[0.539s] Level 1:colcon.colcon_core.package_identification:_identify(training_output2025_01_21_15_59) by extensions ['ignore', 'ignore_ament_install']
[0.539s] Level 1:colcon.colcon_core.package_identification:_identify(training_output2025_01_21_15_59) by extension 'ignore'
[0.539s] Level 1:colcon.colcon_core.package_identification:_identify(training_output2025_01_21_15_59) by extension 'ignore_ament_install'
[0.539s] Level 1:colcon.colcon_core.package_identification:_identify(training_output2025_01_21_15_59) by extensions ['colcon_pkg']
[0.539s] Level 1:colcon.colcon_core.package_identification:_identify(training_output2025_01_21_15_59) by extension 'colcon_pkg'
[0.539s] Level 1:colcon.colcon_core.package_identification:_identify(training_output2025_01_21_15_59) by extensions ['colcon_meta']
[0.539s] Level 1:colcon.colcon_core.package_identification:_identify(training_output2025_01_21_15_59) by extension 'colcon_meta'
[0.539s] Level 1:colcon.colcon_core.package_identification:_identify(training_output2025_01_21_15_59) by extensions ['ros']
[0.539s] Level 1:colcon.colcon_core.package_identification:_identify(training_output2025_01_21_15_59) by extension 'ros'
[0.539s] Level 1:colcon.colcon_core.package_identification:_identify(training_output2025_01_21_15_59) by extensions ['cmake', 'python']
[0.539s] Level 1:colcon.colcon_core.package_identification:_identify(training_output2025_01_21_15_59) by extension 'cmake'
[0.539s] Level 1:colcon.colcon_core.package_identification:_identify(training_output2025_01_21_15_59) by extension 'python'
[0.539s] Level 1:colcon.colcon_core.package_identification:_identify(training_output2025_01_21_15_59) by extensions ['python_setup_py']
[0.539s] Level 1:colcon.colcon_core.package_identification:_identify(training_output2025_01_21_15_59) by extension 'python_setup_py'
[0.539s] Level 1:colcon.colcon_core.package_identification:_identify(training_output_2024_12_16_11_02) by extensions ['ignore', 'ignore_ament_install']
[0.539s] Level 1:colcon.colcon_core.package_identification:_identify(training_output_2024_12_16_11_02) by extension 'ignore'
[0.539s] Level 1:colcon.colcon_core.package_identification:_identify(training_output_2024_12_16_11_02) by extension 'ignore_ament_install'
[0.539s] Level 1:colcon.colcon_core.package_identification:_identify(training_output_2024_12_16_11_02) by extensions ['colcon_pkg']
[0.539s] Level 1:colcon.colcon_core.package_identification:_identify(training_output_2024_12_16_11_02) by extension 'colcon_pkg'
[0.539s] Level 1:colcon.colcon_core.package_identification:_identify(training_output_2024_12_16_11_02) by extensions ['colcon_meta']
[0.539s] Level 1:colcon.colcon_core.package_identification:_identify(training_output_2024_12_16_11_02) by extension 'colcon_meta'
[0.539s] Level 1:colcon.colcon_core.package_identification:_identify(training_output_2024_12_16_11_02) by extensions ['ros']
[0.539s] Level 1:colcon.colcon_core.package_identification:_identify(training_output_2024_12_16_11_02) by extension 'ros'
[0.539s] Level 1:colcon.colcon_core.package_identification:_identify(training_output_2024_12_16_11_02) by extensions ['cmake', 'python']
[0.539s] Level 1:colcon.colcon_core.package_identification:_identify(training_output_2024_12_16_11_02) by extension 'cmake'
[0.539s] Level 1:colcon.colcon_core.package_identification:_identify(training_output_2024_12_16_11_02) by extension 'python'
[0.539s] Level 1:colcon.colcon_core.package_identification:_identify(training_output_2024_12_16_11_02) by extensions ['python_setup_py']
[0.539s] Level 1:colcon.colcon_core.package_identification:_identify(training_output_2024_12_16_11_02) by extension 'python_setup_py'
[0.539s] Level 1:colcon.colcon_core.package_discovery:discover_packages(recursive) using defaults
[0.539s] Level 1:colcon.colcon_core.package_discovery:discover_packages(ignore) discover
[0.539s] Level 1:colcon.colcon_core.package_discovery:discover_packages(ignore) using defaults
[0.539s] Level 1:colcon.colcon_core.package_discovery:discover_packages(path) discover
[0.539s] Level 1:colcon.colcon_core.package_discovery:discover_packages(path) using defaults
[0.576s] Level 1:colcon.colcon_core.package_discovery:discover_packages(prefix_path) check parameters
[0.576s] Level 1:colcon.colcon_core.package_discovery:discover_packages(prefix_path) discover
[0.580s] DEBUG:colcon.colcon_installed_package_information.package_discovery:Found 358 installed packages in /opt/ros/humble
[0.581s] Level 1:colcon.colcon_core.package_discovery:discover_packages(prefix_path) using defaults
[0.604s] Level 5:colcon.colcon_core.verb:set package 'UrRtde' build argument 'cmake_args' from command line to 'None'
[0.604s] Level 5:colcon.colcon_core.verb:set package 'UrRtde' build argument 'cmake_target' from command line to 'None'
[0.604s] Level 5:colcon.colcon_core.verb:set package 'UrRtde' build argument 'cmake_target_skip_unavailable' from command line to 'False'
[0.604s] Level 5:colcon.colcon_core.verb:set package 'UrRtde' build argument 'cmake_clean_cache' from command line to 'False'
[0.604s] Level 5:colcon.colcon_core.verb:set package 'UrRtde' build argument 'cmake_clean_first' from command line to 'False'
[0.604s] Level 5:colcon.colcon_core.verb:set package 'UrRtde' build argument 'cmake_force_configure' from command line to 'False'
[0.604s] Level 5:colcon.colcon_core.verb:set package 'UrRtde' build argument 'ament_cmake_args' from command line to 'None'
[0.604s] Level 5:colcon.colcon_core.verb:set package 'UrRtde' build argument 'catkin_cmake_args' from command line to 'None'
[0.604s] Level 5:colcon.colcon_core.verb:set package 'UrRtde' build argument 'catkin_skip_building_tests' from command line to 'False'
[0.604s] DEBUG:colcon.colcon_core.verb:Building package 'UrRtde' with the following arguments: {'ament_cmake_args': None, 'build_base': '/home/gaomoqi/ArmYolo_ws/build/UrRtde', 'catkin_cmake_args': None, 'catkin_skip_building_tests': False, 'cmake_args': None, 'cmake_clean_cache': False, 'cmake_clean_first': False, 'cmake_force_configure': False, 'cmake_target': None, 'cmake_target_skip_unavailable': False, 'install_base': '/home/gaomoqi/ArmYolo_ws/install/UrRtde', 'merge_install': False, 'path': '/home/gaomoqi/ArmYolo_ws/src/RTDE_Python_Client_Library', 'symlink_install': True, 'test_result_base': None}
[0.605s] Level 5:colcon.colcon_core.verb:set package 'ur_simulation_gazebo' build argument 'cmake_args' from command line to 'None'
[0.605s] Level 5:colcon.colcon_core.verb:set package 'ur_simulation_gazebo' build argument 'cmake_target' from command line to 'None'
[0.605s] Level 5:colcon.colcon_core.verb:set package 'ur_simulation_gazebo' build argument 'cmake_target_skip_unavailable' from command line to 'False'
[0.605s] Level 5:colcon.colcon_core.verb:set package 'ur_simulation_gazebo' build argument 'cmake_clean_cache' from command line to 'False'
[0.605s] Level 5:colcon.colcon_core.verb:set package 'ur_simulation_gazebo' build argument 'cmake_clean_first' from command line to 'False'
[0.605s] Level 5:colcon.colcon_core.verb:set package 'ur_simulation_gazebo' build argument 'cmake_force_configure' from command line to 'False'
[0.605s] Level 5:colcon.colcon_core.verb:set package 'ur_simulation_gazebo' build argument 'ament_cmake_args' from command line to 'None'
[0.605s] Level 5:colcon.colcon_core.verb:set package 'ur_simulation_gazebo' build argument 'catkin_cmake_args' from command line to 'None'
[0.605s] Level 5:colcon.colcon_core.verb:set package 'ur_simulation_gazebo' build argument 'catkin_skip_building_tests' from command line to 'False'
[0.605s] DEBUG:colcon.colcon_core.verb:Building package 'ur_simulation_gazebo' with the following arguments: {'ament_cmake_args': None, 'build_base': '/home/gaomoqi/ArmYolo_ws/build/ur_simulation_gazebo', 'catkin_cmake_args': None, 'catkin_skip_building_tests': False, 'cmake_args': None, 'cmake_clean_cache': False, 'cmake_clean_first': False, 'cmake_force_configure': False, 'cmake_target': None, 'cmake_target_skip_unavailable': False, 'install_base': '/home/gaomoqi/ArmYolo_ws/install/ur_simulation_gazebo', 'merge_install': False, 'path': '/home/gaomoqi/ArmYolo_ws/src/Universal_Robots_ROS2_Gazebo_Simulation/ur_simulation_gazebo', 'symlink_install': True, 'test_result_base': None}
[0.605s] INFO:colcon.colcon_core.executor:Executing jobs using 'parallel' executor
[0.606s] DEBUG:colcon.colcon_parallel_executor.executor.parallel:run_until_complete
[0.606s] INFO:colcon.colcon_core.task.python.build:Building Python package in '/home/gaomoqi/ArmYolo_ws/src/RTDE_Python_Client_Library'
[0.611s] INFO:colcon.colcon_core.plugin_system:Skipping extension 'colcon_core.shell.bat': Not used on non-Windows systems
[0.611s] INFO:colcon.colcon_core.shell:Skip shell extension 'powershell' for command environment: Not usable outside of PowerShell
[0.611s] DEBUG:colcon.colcon_core.shell:Skip shell extension 'dsv' for command environment
[0.614s] INFO:colcon.colcon_ros.task.ament_cmake.build:Building ROS package in '/home/gaomoqi/ArmYolo_ws/src/Universal_Robots_ROS2_Gazebo_Simulation/ur_simulation_gazebo' with build type 'ament_cmake'
[0.614s] INFO:colcon.colcon_cmake.task.cmake.build:Building CMake package in '/home/gaomoqi/ArmYolo_ws/src/Universal_Robots_ROS2_Gazebo_Simulation/ur_simulation_gazebo'
[0.614s] INFO:colcon.colcon_core.shell:Skip shell extension 'powershell' for command environment: Not usable outside of PowerShell
[0.614s] DEBUG:colcon.colcon_core.shell:Skip shell extension 'dsv' for command environment
[0.764s] DEBUG:colcon.colcon_core.event_handler.log_command:Invoking command in '/home/gaomoqi/ArmYolo_ws/build/ur_simulation_gazebo': CMAKE_PREFIX_PATH=${CMAKE_PREFIX_PATH}:/opt/ros/humble CONDA_PROMPT_MODIFIER=(torch) /usr/bin/cmake /home/gaomoqi/ArmYolo_ws/src/Universal_Robots_ROS2_Gazebo_Simulation/ur_simulation_gazebo -DAMENT_CMAKE_SYMLINK_INSTALL=1 -DCMAKE_INSTALL_PREFIX=/home/gaomoqi/ArmYolo_ws/install/ur_simulation_gazebo
[1.178s] DEBUG:colcon.colcon_core.event_handler.log_command:Invoking command in '/home/gaomoqi/ArmYolo_ws/build/UrRtde': CONDA_PROMPT_MODIFIER=(torch) PYTHONPATH=/home/gaomoqi/ArmYolo_ws/build/UrRtde/prefix_override:/usr/lib/python3/dist-packages/colcon_core/task/python/colcon_distutils_commands:/home/gaomoqi/ArmYolo_ws/install/UrRtde/lib/python3.10/site-packages:${PYTHONPATH} /usr/bin/python3 -W ignore:setup.py install is deprecated -W ignore:easy_install command is deprecated setup.py develop --editable --build-directory /home/gaomoqi/ArmYolo_ws/build/UrRtde/build --no-deps
[1.413s] Level 1:colcon.colcon_core.shell:create_environment_hook('UrRtde', 'pythonpath_develop')
[1.413s] INFO:colcon.colcon_core.shell:Creating environment hook '/home/gaomoqi/ArmYolo_ws/build/UrRtde/share/UrRtde/hook/pythonpath_develop.ps1'
[1.414s] DEBUG:colcon.colcon_core.event_handler.log_command:Invoked command in '/home/gaomoqi/ArmYolo_ws/build/UrRtde' returned '0': CONDA_PROMPT_MODIFIER=(torch) PYTHONPATH=/home/gaomoqi/ArmYolo_ws/build/UrRtde/prefix_override:/usr/lib/python3/dist-packages/colcon_core/task/python/colcon_distutils_commands:/home/gaomoqi/ArmYolo_ws/install/UrRtde/lib/python3.10/site-packages:${PYTHONPATH} /usr/bin/python3 -W ignore:setup.py install is deprecated -W ignore:easy_install command is deprecated setup.py develop --editable --build-directory /home/gaomoqi/ArmYolo_ws/build/UrRtde/build --no-deps
[1.414s] INFO:colcon.colcon_core.shell:Creating environment descriptor '/home/gaomoqi/ArmYolo_ws/build/UrRtde/share/UrRtde/hook/pythonpath_develop.dsv'
[1.415s] INFO:colcon.colcon_core.shell:Creating environment hook '/home/gaomoqi/ArmYolo_ws/build/UrRtde/share/UrRtde/hook/pythonpath_develop.sh'
[1.420s] Level 1:colcon.colcon_core.environment:checking '/home/gaomoqi/ArmYolo_ws/install/UrRtde' for CMake module files
[1.420s] Level 1:colcon.colcon_core.environment:checking '/home/gaomoqi/ArmYolo_ws/install/UrRtde' for CMake config files
[1.421s] Level 1:colcon.colcon_core.environment:checking '/home/gaomoqi/ArmYolo_ws/install/UrRtde/lib'
[1.421s] Level 1:colcon.colcon_core.environment:checking '/home/gaomoqi/ArmYolo_ws/install/UrRtde/bin'
[1.421s] Level 1:colcon.colcon_core.environment:checking '/home/gaomoqi/ArmYolo_ws/install/UrRtde/lib/pkgconfig/UrRtde.pc'
[1.421s] Level 1:colcon.colcon_core.environment:checking '/home/gaomoqi/ArmYolo_ws/install/UrRtde/lib/python3.10/site-packages'
[1.421s] Level 1:colcon.colcon_core.shell:create_environment_hook('UrRtde', 'pythonpath')
[1.421s] INFO:colcon.colcon_core.shell:Creating environment hook '/home/gaomoqi/ArmYolo_ws/install/UrRtde/share/UrRtde/hook/pythonpath.ps1'
[1.421s] INFO:colcon.colcon_core.shell:Creating environment descriptor '/home/gaomoqi/ArmYolo_ws/install/UrRtde/share/UrRtde/hook/pythonpath.dsv'
[1.421s] INFO:colcon.colcon_core.shell:Creating environment hook '/home/gaomoqi/ArmYolo_ws/install/UrRtde/share/UrRtde/hook/pythonpath.sh'
[1.422s] Level 1:colcon.colcon_core.environment:checking '/home/gaomoqi/ArmYolo_ws/install/UrRtde/bin'
[1.422s] Level 1:colcon.colcon_core.environment:create_environment_scripts_only(UrRtde)
[1.422s] INFO:colcon.colcon_core.shell:Creating package script '/home/gaomoqi/ArmYolo_ws/install/UrRtde/share/UrRtde/package.ps1'
[1.423s] INFO:colcon.colcon_core.shell:Creating package descriptor '/home/gaomoqi/ArmYolo_ws/install/UrRtde/share/UrRtde/package.dsv'
[1.423s] INFO:colcon.colcon_core.shell:Creating package script '/home/gaomoqi/ArmYolo_ws/install/UrRtde/share/UrRtde/package.sh'
[1.424s] INFO:colcon.colcon_core.shell:Creating package script '/home/gaomoqi/ArmYolo_ws/install/UrRtde/share/UrRtde/package.bash'
[1.425s] INFO:colcon.colcon_core.shell:Creating package script '/home/gaomoqi/ArmYolo_ws/install/UrRtde/share/UrRtde/package.zsh'
[1.426s] Level 1:colcon.colcon_core.environment:create_file_with_runtime_dependencies(/home/gaomoqi/ArmYolo_ws/install/UrRtde/share/colcon-core/packages/UrRtde)
[1.814s] DEBUG:colcon.colcon_core.event_handler.log_command:Invoked command in '/home/gaomoqi/ArmYolo_ws/build/ur_simulation_gazebo' returned '1': CMAKE_PREFIX_PATH=${CMAKE_PREFIX_PATH}:/opt/ros/humble CONDA_PROMPT_MODIFIER=(torch) /usr/bin/cmake /home/gaomoqi/ArmYolo_ws/src/Universal_Robots_ROS2_Gazebo_Simulation/ur_simulation_gazebo -DAMENT_CMAKE_SYMLINK_INSTALL=1 -DCMAKE_INSTALL_PREFIX=/home/gaomoqi/ArmYolo_ws/install/ur_simulation_gazebo
[1.826s] Level 1:colcon.colcon_core.environment:create_environment_scripts_only(ur_simulation_gazebo)
[1.826s] Level 1:colcon.colcon_core.environment:checking '/home/gaomoqi/ArmYolo_ws/install/ur_simulation_gazebo' for CMake module files
[1.826s] Level 1:colcon.colcon_core.environment:checking '/home/gaomoqi/ArmYolo_ws/install/ur_simulation_gazebo' for CMake config files
[1.827s] Level 1:colcon.colcon_core.environment:checking '/home/gaomoqi/ArmYolo_ws/install/ur_simulation_gazebo/bin'
[1.827s] Level 1:colcon.colcon_core.environment:checking '/home/gaomoqi/ArmYolo_ws/install/ur_simulation_gazebo/lib/pkgconfig/ur_simulation_gazebo.pc'
[1.827s] Level 1:colcon.colcon_core.environment:checking '/home/gaomoqi/ArmYolo_ws/install/ur_simulation_gazebo/lib/python3.10/site-packages'
[1.827s] Level 1:colcon.colcon_core.environment:checking '/home/gaomoqi/ArmYolo_ws/install/ur_simulation_gazebo/bin'
[1.827s] INFO:colcon.colcon_core.shell:Creating package script '/home/gaomoqi/ArmYolo_ws/install/ur_simulation_gazebo/share/ur_simulation_gazebo/package.ps1'
[1.827s] INFO:colcon.colcon_core.shell:Creating package descriptor '/home/gaomoqi/ArmYolo_ws/install/ur_simulation_gazebo/share/ur_simulation_gazebo/package.dsv'
[1.827s] INFO:colcon.colcon_core.shell:Creating package script '/home/gaomoqi/ArmYolo_ws/install/ur_simulation_gazebo/share/ur_simulation_gazebo/package.sh'
[1.828s] INFO:colcon.colcon_core.shell:Creating package script '/home/gaomoqi/ArmYolo_ws/install/ur_simulation_gazebo/share/ur_simulation_gazebo/package.bash'
[1.828s] INFO:colcon.colcon_core.shell:Creating package script '/home/gaomoqi/ArmYolo_ws/install/ur_simulation_gazebo/share/ur_simulation_gazebo/package.zsh'
[1.828s] Level 1:colcon.colcon_core.environment:create_file_with_runtime_dependencies(/home/gaomoqi/ArmYolo_ws/install/ur_simulation_gazebo/share/colcon-core/packages/ur_simulation_gazebo)
[1.838s] DEBUG:colcon.colcon_parallel_executor.executor.parallel:closing loop
[1.838s] DEBUG:colcon.colcon_parallel_executor.executor.parallel:loop closed
[1.838s] DEBUG:colcon.colcon_parallel_executor.executor.parallel:run_until_complete finished with '1'
[1.839s] DEBUG:colcon.colcon_core.event_reactor:joining thread
[1.843s] INFO:colcon.colcon_core.plugin_system:Skipping extension 'colcon_notification.desktop_notification.terminal_notifier': Not used on non-Darwin systems
[1.843s] INFO:colcon.colcon_core.plugin_system:Skipping extension 'colcon_notification.desktop_notification.win32': Not used on non-Windows systems
[1.843s] INFO:colcon.colcon_notification.desktop_notification:Sending desktop notification using 'notify2'
[1.854s] DEBUG:colcon.colcon_core.event_reactor:joined thread
[1.855s] INFO:colcon.colcon_core.shell:Creating prefix script '/home/gaomoqi/ArmYolo_ws/install/local_setup.ps1'
[1.856s] INFO:colcon.colcon_core.shell:Creating prefix util module '/home/gaomoqi/ArmYolo_ws/install/_local_setup_util_ps1.py'
[1.857s] INFO:colcon.colcon_core.shell:Creating prefix chain script '/home/gaomoqi/ArmYolo_ws/install/setup.ps1'
[1.858s] INFO:colcon.colcon_core.shell:Creating prefix script '/home/gaomoqi/ArmYolo_ws/install/local_setup.sh'
[1.859s] INFO:colcon.colcon_core.shell:Creating prefix util module '/home/gaomoqi/ArmYolo_ws/install/_local_setup_util_sh.py'
[1.859s] INFO:colcon.colcon_core.shell:Creating prefix chain script '/home/gaomoqi/ArmYolo_ws/install/setup.sh'
[1.860s] INFO:colcon.colcon_core.shell:Creating prefix script '/home/gaomoqi/ArmYolo_ws/install/local_setup.bash'
[1.860s] INFO:colcon.colcon_core.shell:Creating prefix chain script '/home/gaomoqi/ArmYolo_ws/install/setup.bash'
[1.861s] INFO:colcon.colcon_core.shell:Creating prefix script '/home/gaomoqi/ArmYolo_ws/install/local_setup.zsh'
[1.861s] INFO:colcon.colcon_core.shell:Creating prefix chain script '/home/gaomoqi/ArmYolo_ws/install/setup.zsh'
