-- The C compiler identification is GNU 11.2.0
-- The CXX compiler identification is GNU 11.2.0
-- Detecting C compiler ABI info
-- Detecting C compiler ABI info - done
-- Check for working C compiler: /home/gaomoqi/anaconda3/envs/torch/bin/x86_64-conda-linux-gnu-cc - skipped
-- Detecting C compile features
-- Detecting C compile features - done
-- Detecting CXX compiler ABI info
-- Detecting CXX compiler ABI info - done
-- Check for working CXX compiler: /home/gaomoqi/anaconda3/envs/torch/bin/x86_64-conda-linux-gnu-c++ - skipped
-- Detecting CXX compile features
-- Detecting CXX compile features - done
-- Found ament_cmake: 1.3.11 (/opt/ros/humble/share/ament_cmake/cmake)
-- Found Python3: /home/gaomoqi/anaconda3/envs/torch/bin/python3 (found version "3.9.21") found components: Interpreter 
-- Override CMake install command with custom implementation using symlinks instead of copying resources
-- Found launch_testing_ament_cmake: 1.0.7 (/opt/ros/humble/share/launch_testing_ament_cmake/cmake)
-- Found python_cmake_module: 0.10.0 (/opt/ros/humble/share/python_cmake_module/cmake)
-- Found PythonInterp: /home/gaomoqi/anaconda3/envs/torch/bin/python3 (found suitable version "3.9.21", minimum required is "3.6") 
-- Found PythonLibs: /home/gaomoqi/anaconda3/envs/torch/lib/libpython3.9.so (found suitable version "3.9.21", minimum required is "3.5") 
-- Using PYTHON_EXECUTABLE: /home/gaomoqi/anaconda3/envs/torch/bin/python3
-- Using PYTHON_INCLUDE_DIRS: /home/gaomoqi/anaconda3/envs/torch/include/python3.9
-- Using PYTHON_LIBRARIES: /home/gaomoqi/anaconda3/envs/torch/lib/libpython3.9.so
-- Found PythonExtra: .so  
-- Found ament_cmake_pytest: 1.3.11 (/opt/ros/humble/share/ament_cmake_pytest/cmake)
-- Configuring incomplete, errors occurred!
See also "/home/gaomoqi/ArmYolo_ws/build/ur_simulation_gazebo/CMakeFiles/CMakeOutput.log".
