[0.150s] Invoking command in '/home/gaomoqi/ArmYolo_ws/build/ur_simulation_gazebo': CMAKE_PREFIX_PATH=${CMAKE_PREFIX_PATH}:/opt/ros/humble CONDA_PROMPT_MODIFIER=(torch) /usr/bin/cmake /home/gaomoqi/ArmYolo_ws/src/Universal_Robots_ROS2_Gazebo_Simulation/ur_simulation_gazebo -DAMENT_CMAKE_SYMLINK_INSTALL=1 -DCMAKE_INSTALL_PREFIX=/home/gaomoqi/ArmYolo_ws/install/ur_simulation_gazebo
[0.366s] -- The C compiler identification is GNU 11.2.0
[0.554s] -- The CXX compiler identification is GNU 11.2.0
[0.566s] -- Detecting C compiler ABI info
[0.634s] -- Detecting C compiler ABI info - done
[0.638s] -- Check for working C compiler: /home/gaomoqi/anaconda3/envs/torch/bin/x86_64-conda-linux-gnu-cc - skipped
[0.639s] -- Detecting C compile features
[0.639s] -- Detecting C compile features - done
[0.642s] -- Detecting CXX compiler ABI info
[0.708s] -- Detecting CXX compiler ABI info - done
[0.715s] -- Check for working CXX compiler: /home/gaomoqi/anaconda3/envs/torch/bin/x86_64-conda-linux-gnu-c++ - skipped
[0.715s] -- Detecting CXX compile features
[0.715s] -- Detecting CXX compile features - done
[0.722s] -- Found ament_cmake: 1.3.11 (/opt/ros/humble/share/ament_cmake/cmake)
[1.036s] -- Found Python3: /home/gaomoqi/anaconda3/envs/torch/bin/python3 (found version "3.9.21") found components: Interpreter 
[1.083s] -- Override CMake install command with custom implementation using symlinks instead of copying resources
[1.136s] -- Found launch_testing_ament_cmake: 1.0.7 (/opt/ros/humble/share/launch_testing_ament_cmake/cmake)
[1.139s] -- Found python_cmake_module: 0.10.0 (/opt/ros/humble/share/python_cmake_module/cmake)
[1.152s] -- Found PythonInterp: /home/gaomoqi/anaconda3/envs/torch/bin/python3 (found suitable version "3.9.21", minimum required is "3.6") 
[1.156s] -- Found PythonLibs: /home/gaomoqi/anaconda3/envs/torch/lib/libpython3.9.so (found suitable version "3.9.21", minimum required is "3.5") 
[1.156s] -- Using PYTHON_EXECUTABLE: /home/gaomoqi/anaconda3/envs/torch/bin/python3
[1.156s] -- Using PYTHON_INCLUDE_DIRS: /home/gaomoqi/anaconda3/envs/torch/include/python3.9
[1.156s] -- Using PYTHON_LIBRARIES: /home/gaomoqi/anaconda3/envs/torch/lib/libpython3.9.so
[1.172s] -- Found PythonExtra: .so  
[1.176s] -- Found ament_cmake_pytest: 1.3.11 (/opt/ros/humble/share/ament_cmake_pytest/cmake)
[1.191s] Traceback (most recent call last):
[1.191s]   File "/opt/ros/humble/share/ament_cmake_core/cmake/core/package_xml_2_cmake.py", line 22, in <module>
[1.191s]     from catkin_pkg.package import parse_package_string
[1.191s] ModuleNotFoundError: No module named 'catkin_pkg'
[1.192s] [31mCMake Error at /opt/ros/humble/share/ament_cmake_core/cmake/core/ament_package_xml.cmake:95 (message):
[1.192s]   execute_process(/home/gaomoqi/anaconda3/envs/torch/bin/python3
[1.192s]   /opt/ros/humble/share/ament_cmake_core/cmake/core/package_xml_2_cmake.py
[1.192s]   /home/gaomoqi/ArmYolo_ws/src/Universal_Robots_ROS2_Gazebo_Simulation/ur_simulation_gazebo/package.xml
[1.192s]   /home/gaomoqi/ArmYolo_ws/build/ur_simulation_gazebo/ament_cmake_core/package.cmake)
[1.192s]   returned error code 1
[1.193s] Call Stack (most recent call first):
[1.193s]   /opt/ros/humble/share/ament_cmake_core/cmake/core/ament_package_xml.cmake:49 (_ament_package_xml)
[1.193s]   /opt/ros/humble/share/ament_cmake_core/cmake/core/ament_package.cmake:63 (ament_package_xml)
[1.193s]   CMakeLists.txt:19 (ament_package)
[1.193s] 
[1.193s] [0m
[1.193s] -- Configuring incomplete, errors occurred!
[1.193s] See also "/home/gaomoqi/ArmYolo_ws/build/ur_simulation_gazebo/CMakeFiles/CMakeOutput.log".
[1.200s] Invoked command in '/home/gaomoqi/ArmYolo_ws/build/ur_simulation_gazebo' returned '1': CMAKE_PREFIX_PATH=${CMAKE_PREFIX_PATH}:/opt/ros/humble CONDA_PROMPT_MODIFIER=(torch) /usr/bin/cmake /home/gaomoqi/ArmYolo_ws/src/Universal_Robots_ROS2_Gazebo_Simulation/ur_simulation_gazebo -DAMENT_CMAKE_SYMLINK_INSTALL=1 -DCMAKE_INSTALL_PREFIX=/home/gaomoqi/ArmYolo_ws/install/ur_simulation_gazebo
