The system is: Linux - 6.8.0-52-generic - x86_64
Compiling the C compiler identification source file "CMakeCCompilerId.c" succeeded.
Compiler: /home/gaomoqi/anaconda3/envs/torch/bin/x86_64-conda-linux-gnu-cc 
Build flags: -march=nocona;-mtune=haswell;-ftree-vectorize;-fPIC;-fstack-protector-strong;-fno-plt;-O2;-ffunction-sections;-pipe;-isystem;/home/gaomoqi/anaconda3/envs/torch/include
Id flags:  

The output was:
0


Compilation of the C compiler identification source "CMakeCCompilerId.c" produced "a.out"

The C compiler identification is GNU, found in "/home/gaomoqi/ArmYolo_ws/build/ur_simulation_gazebo/CMakeFiles/3.22.1/CompilerIdC/a.out"

Compiling the CXX compiler identification source file "CMakeCXXCompilerId.cpp" succeeded.
Compiler: /home/gaomoqi/anaconda3/envs/torch/bin/x86_64-conda-linux-gnu-c++ 
Build flags: -fvisibility-inlines-hidden;-std=c++17;-fmessage-length=0;-march=nocona;-mtune=haswell;-ftree-vectorize;-fPIC;-fstack-protector-strong;-fno-plt;-O2;-ffunction-sections;-pipe;-isystem;/home/gaomoqi/anaconda3/envs/torch/include
Id flags:  

The output was:
0


Compilation of the CXX compiler identification source "CMakeCXXCompilerId.cpp" produced "a.out"

The CXX compiler identification is GNU, found in "/home/gaomoqi/ArmYolo_ws/build/ur_simulation_gazebo/CMakeFiles/3.22.1/CompilerIdCXX/a.out"

Detecting C compiler ABI info compiled with the following output:
Change Dir: /home/gaomoqi/ArmYolo_ws/build/ur_simulation_gazebo/CMakeFiles/CMakeTmp

Run Build Command(s):/usr/bin/gmake -f Makefile cmTC_af1e1/fast && /usr/bin/gmake  -f CMakeFiles/cmTC_af1e1.dir/build.make CMakeFiles/cmTC_af1e1.dir/build
gmake[1]: Entering directory '/home/gaomoqi/ArmYolo_ws/build/ur_simulation_gazebo/CMakeFiles/CMakeTmp'
Building C object CMakeFiles/cmTC_af1e1.dir/CMakeCCompilerABI.c.o
/home/gaomoqi/anaconda3/envs/torch/bin/x86_64-conda-linux-gnu-cc   -march=nocona -mtune=haswell -ftree-vectorize -fPIC -fstack-protector-strong -fno-plt -O2 -ffunction-sections -pipe -isystem /home/gaomoqi/anaconda3/envs/torch/include    -v -o CMakeFiles/cmTC_af1e1.dir/CMakeCCompilerABI.c.o -c /usr/share/cmake-3.22/Modules/CMakeCCompilerABI.c
Reading specs from /home/gaomoqi/anaconda3/envs/torch/bin/../lib/gcc/x86_64-conda-linux-gnu/11.2.0/specs
COLLECT_GCC=/home/gaomoqi/anaconda3/envs/torch/bin/x86_64-conda-linux-gnu-cc
Target: x86_64-conda-linux-gnu
Configured with: /opt/conda/conda-bld/gcc-compiler_1654084175708/work/gcc/configure --build=x86_64-build_conda-linux-gnu --host=x86_64-build_conda-linux-gnu --target=x86_64-conda-linux-gnu --prefix=/opt/conda/conda-bld/gcc-compiler_1654084175708/work/gcc_built --exec_prefix=/opt/conda/conda-bld/gcc-compiler_1654084175708/work/gcc_built --with-sysroot=/opt/conda/conda-bld/gcc-compiler_1654084175708/work/gcc_built/x86_64-conda-linux-gnu/sysroot --with-local-prefix=/opt/conda/conda-bld/gcc-compiler_1654084175708/work/gcc_built/x86_64-conda-linux-gnu/sysroot --enable-long-long --disable-multilib --disable-nls --with-gmp=/opt/conda/conda-bld/gcc-compiler_1654084175708/work/buildtools --with-mpfr=/opt/conda/conda-bld/gcc-compiler_1654084175708/work/buildtools --with-mpc=/opt/conda/conda-bld/gcc-compiler_1654084175708/work/buildtools --with-isl=/opt/conda/conda-bld/gcc-compiler_1654084175708/work/buildtools --without-zstd --enable-languages=c,c++,fortran,objc,obj-c++ --enable-__cxa_atexit --disable-libmudflap --enable-libgomp --enable-libquadmath --enable-libquadmath-support --enable-libsanitizer --disable-libstdcxx-verbose --enable-lto --enable-libcc1 --enable-threads=posix --enable-plugin --with-pkgversion='Anaconda gcc' --enable-libmpx
Thread model: posix
Supported LTO compression algorithms: zlib
gcc version 11.2.0 (Anaconda gcc) 
COLLECT_GCC_OPTIONS='-march=nocona' '-mtune=haswell' '-ftree-vectorize' '-fPIC' '-fstack-protector-strong' '-fno-plt' '-O2' '-ffunction-sections' '-pipe' '-isystem' '/home/gaomoqi/anaconda3/envs/torch/include' '-v' '-o' 'CMakeFiles/cmTC_af1e1.dir/CMakeCCompilerABI.c.o' '-c' '-dumpdir' 'CMakeFiles/cmTC_af1e1.dir/'
 /home/gaomoqi/anaconda3/envs/torch/bin/../libexec/gcc/x86_64-conda-linux-gnu/11.2.0/cc1 -quiet -v -iprefix /home/gaomoqi/anaconda3/envs/torch/bin/../lib/gcc/x86_64-conda-linux-gnu/11.2.0/ -isysroot /home/gaomoqi/anaconda3/envs/torch/bin/../x86_64-conda-linux-gnu/sysroot -isystem /home/gaomoqi/anaconda3/envs/torch/include /usr/share/cmake-3.22/Modules/CMakeCCompilerABI.c -quiet -dumpdir CMakeFiles/cmTC_af1e1.dir/ -dumpbase CMakeCCompilerABI.c.c -dumpbase-ext .c -march=nocona -mtune=haswell -O2 -version -ftree-vectorize -fPIC -fstack-protector-strong -fno-plt -ffunction-sections -o - |
 /home/gaomoqi/anaconda3/envs/torch/bin/../lib/gcc/x86_64-conda-linux-gnu/11.2.0/../../../../x86_64-conda-linux-gnu/bin/as -v --64 -o CMakeFiles/cmTC_af1e1.dir/CMakeCCompilerABI.c.o
GNU assembler version 2.40 (x86_64-conda-linux-gnu) using BFD version (Anaconda binutils) 2.40
GNU C17 (Anaconda gcc) version 11.2.0 (x86_64-conda-linux-gnu)
	compiled by GNU C version 11.2.0, GMP version 6.2.1, MPFR version 4.1.0, MPC version 1.2.1, isl version isl-0.24-GMP

GGC heuristics: --param ggc-min-expand=100 --param ggc-min-heapsize=131072
ignoring duplicate directory "/home/gaomoqi/anaconda3/envs/torch/bin/../lib/gcc/../../lib/gcc/x86_64-conda-linux-gnu/11.2.0/include"
ignoring nonexistent directory "/home/gaomoqi/anaconda3/envs/torch/bin/../x86_64-conda-linux-gnu/sysroot/opt/conda/conda-bld/gcc-compiler_1654084175708/work/gcc_built/x86_64-conda-linux-gnu/sysroot/include"
ignoring duplicate directory "/home/gaomoqi/anaconda3/envs/torch/bin/../lib/gcc/../../lib/gcc/x86_64-conda-linux-gnu/11.2.0/include-fixed"
ignoring duplicate directory "/home/gaomoqi/anaconda3/envs/torch/bin/../lib/gcc/../../lib/gcc/x86_64-conda-linux-gnu/11.2.0/../../../../x86_64-conda-linux-gnu/include"
#include "..." search starts here:
#include <...> search starts here:
 /home/gaomoqi/anaconda3/envs/torch/include
 /home/gaomoqi/anaconda3/envs/torch/bin/../lib/gcc/x86_64-conda-linux-gnu/11.2.0/include
 /home/gaomoqi/anaconda3/envs/torch/bin/../lib/gcc/x86_64-conda-linux-gnu/11.2.0/include-fixed
 /home/gaomoqi/anaconda3/envs/torch/bin/../lib/gcc/x86_64-conda-linux-gnu/11.2.0/../../../../x86_64-conda-linux-gnu/include
 /home/gaomoqi/anaconda3/envs/torch/bin/../x86_64-conda-linux-gnu/sysroot/usr/include
End of search list.
GNU C17 (Anaconda gcc) version 11.2.0 (x86_64-conda-linux-gnu)
	compiled by GNU C version 11.2.0, GMP version 6.2.1, MPFR version 4.1.0, MPC version 1.2.1, isl version isl-0.24-GMP

GGC heuristics: --param ggc-min-expand=100 --param ggc-min-heapsize=131072
Compiler executable checksum: e1e0bc17a565350666787f1586df2119
COMPILER_PATH=/home/gaomoqi/anaconda3/envs/torch/bin/../libexec/gcc/x86_64-conda-linux-gnu/11.2.0/:/home/gaomoqi/anaconda3/envs/torch/bin/../libexec/gcc/:/home/gaomoqi/anaconda3/envs/torch/bin/../lib/gcc/x86_64-conda-linux-gnu/11.2.0/../../../../x86_64-conda-linux-gnu/bin/
LIBRARY_PATH=/home/gaomoqi/anaconda3/envs/torch/bin/../lib/gcc/x86_64-conda-linux-gnu/11.2.0/:/home/gaomoqi/anaconda3/envs/torch/bin/../lib/gcc/:/home/gaomoqi/anaconda3/envs/torch/bin/../lib/gcc/x86_64-conda-linux-gnu/11.2.0/../../../../x86_64-conda-linux-gnu/lib/../lib64/:/home/gaomoqi/anaconda3/envs/torch/bin/../x86_64-conda-linux-gnu/sysroot/lib/../lib64/:/home/gaomoqi/anaconda3/envs/torch/bin/../x86_64-conda-linux-gnu/sysroot/usr/lib/../lib64/:/home/gaomoqi/anaconda3/envs/torch/bin/../lib/gcc/x86_64-conda-linux-gnu/11.2.0/../../../../x86_64-conda-linux-gnu/lib/:/home/gaomoqi/anaconda3/envs/torch/bin/../x86_64-conda-linux-gnu/sysroot/lib/:/home/gaomoqi/anaconda3/envs/torch/bin/../x86_64-conda-linux-gnu/sysroot/usr/lib/
COLLECT_GCC_OPTIONS='-march=nocona' '-mtune=haswell' '-ftree-vectorize' '-fPIC' '-fstack-protector-strong' '-fno-plt' '-O2' '-ffunction-sections' '-pipe' '-isystem' '/home/gaomoqi/anaconda3/envs/torch/include' '-v' '-o' 'CMakeFiles/cmTC_af1e1.dir/CMakeCCompilerABI.c.o' '-c' '-dumpdir' 'CMakeFiles/cmTC_af1e1.dir/CMakeCCompilerABI.c.'
Linking C executable cmTC_af1e1
/usr/bin/cmake -E cmake_link_script CMakeFiles/cmTC_af1e1.dir/link.txt --verbose=1
/home/gaomoqi/anaconda3/envs/torch/bin/x86_64-conda-linux-gnu-cc -march=nocona -mtune=haswell -ftree-vectorize -fPIC -fstack-protector-strong -fno-plt -O2 -ffunction-sections -pipe -isystem /home/gaomoqi/anaconda3/envs/torch/include  -Wl,-O2 -Wl,--sort-common -Wl,--as-needed -Wl,-z,relro -Wl,-z,now -Wl,--disable-new-dtags -Wl,--gc-sections -Wl,-rpath,/home/gaomoqi/anaconda3/envs/torch/lib -Wl,-rpath-link,/home/gaomoqi/anaconda3/envs/torch/lib -L/home/gaomoqi/anaconda3/envs/torch/lib -v CMakeFiles/cmTC_af1e1.dir/CMakeCCompilerABI.c.o -o cmTC_af1e1 
Reading specs from /home/gaomoqi/anaconda3/envs/torch/bin/../lib/gcc/x86_64-conda-linux-gnu/11.2.0/specs
COLLECT_GCC=/home/gaomoqi/anaconda3/envs/torch/bin/x86_64-conda-linux-gnu-cc
COLLECT_LTO_WRAPPER=/home/gaomoqi/anaconda3/envs/torch/bin/../libexec/gcc/x86_64-conda-linux-gnu/11.2.0/lto-wrapper
Target: x86_64-conda-linux-gnu
Configured with: /opt/conda/conda-bld/gcc-compiler_1654084175708/work/gcc/configure --build=x86_64-build_conda-linux-gnu --host=x86_64-build_conda-linux-gnu --target=x86_64-conda-linux-gnu --prefix=/opt/conda/conda-bld/gcc-compiler_1654084175708/work/gcc_built --exec_prefix=/opt/conda/conda-bld/gcc-compiler_1654084175708/work/gcc_built --with-sysroot=/opt/conda/conda-bld/gcc-compiler_1654084175708/work/gcc_built/x86_64-conda-linux-gnu/sysroot --with-local-prefix=/opt/conda/conda-bld/gcc-compiler_1654084175708/work/gcc_built/x86_64-conda-linux-gnu/sysroot --enable-long-long --disable-multilib --disable-nls --with-gmp=/opt/conda/conda-bld/gcc-compiler_1654084175708/work/buildtools --with-mpfr=/opt/conda/conda-bld/gcc-compiler_1654084175708/work/buildtools --with-mpc=/opt/conda/conda-bld/gcc-compiler_1654084175708/work/buildtools --with-isl=/opt/conda/conda-bld/gcc-compiler_1654084175708/work/buildtools --without-zstd --enable-languages=c,c++,fortran,objc,obj-c++ --enable-__cxa_atexit --disable-libmudflap --enable-libgomp --enable-libquadmath --enable-libquadmath-support --enable-libsanitizer --disable-libstdcxx-verbose --enable-lto --enable-libcc1 --enable-threads=posix --enable-plugin --with-pkgversion='Anaconda gcc' --enable-libmpx
Thread model: posix
Supported LTO compression algorithms: zlib
gcc version 11.2.0 (Anaconda gcc) 
COMPILER_PATH=/home/gaomoqi/anaconda3/envs/torch/bin/../libexec/gcc/x86_64-conda-linux-gnu/11.2.0/:/home/gaomoqi/anaconda3/envs/torch/bin/../libexec/gcc/:/home/gaomoqi/anaconda3/envs/torch/bin/../lib/gcc/x86_64-conda-linux-gnu/11.2.0/../../../../x86_64-conda-linux-gnu/bin/
LIBRARY_PATH=/home/gaomoqi/anaconda3/envs/torch/bin/../lib/gcc/x86_64-conda-linux-gnu/11.2.0/:/home/gaomoqi/anaconda3/envs/torch/bin/../lib/gcc/:/home/gaomoqi/anaconda3/envs/torch/bin/../lib/gcc/x86_64-conda-linux-gnu/11.2.0/../../../../x86_64-conda-linux-gnu/lib/../lib64/:/home/gaomoqi/anaconda3/envs/torch/bin/../x86_64-conda-linux-gnu/sysroot/lib/../lib64/:/home/gaomoqi/anaconda3/envs/torch/bin/../x86_64-conda-linux-gnu/sysroot/usr/lib/../lib64/:/home/gaomoqi/anaconda3/envs/torch/bin/../lib/gcc/x86_64-conda-linux-gnu/11.2.0/../../../../x86_64-conda-linux-gnu/lib/:/home/gaomoqi/anaconda3/envs/torch/bin/../x86_64-conda-linux-gnu/sysroot/lib/:/home/gaomoqi/anaconda3/envs/torch/bin/../x86_64-conda-linux-gnu/sysroot/usr/lib/
COLLECT_GCC_OPTIONS='-march=nocona' '-mtune=haswell' '-ftree-vectorize' '-fPIC' '-fstack-protector-strong' '-fno-plt' '-O2' '-ffunction-sections' '-pipe' '-isystem' '/home/gaomoqi/anaconda3/envs/torch/include' '-L/home/gaomoqi/anaconda3/envs/torch/lib' '-v' '-o' 'cmTC_af1e1' '-dumpdir' 'cmTC_af1e1.'
 /home/gaomoqi/anaconda3/envs/torch/bin/../libexec/gcc/x86_64-conda-linux-gnu/11.2.0/collect2 -plugin /home/gaomoqi/anaconda3/envs/torch/bin/../libexec/gcc/x86_64-conda-linux-gnu/11.2.0/liblto_plugin.so -plugin-opt=/home/gaomoqi/anaconda3/envs/torch/bin/../libexec/gcc/x86_64-conda-linux-gnu/11.2.0/lto-wrapper -plugin-opt=-fresolution=/tmp/ccmkq5we.res -plugin-opt=-pass-through=-lgcc -plugin-opt=-pass-through=-lgcc_s -plugin-opt=-pass-through=-lc -plugin-opt=-pass-through=-lgcc -plugin-opt=-pass-through=-lgcc_s --sysroot=/home/gaomoqi/anaconda3/envs/torch/bin/../x86_64-conda-linux-gnu/sysroot --eh-frame-hdr -m elf_x86_64 -dynamic-linker /lib64/ld-linux-x86-64.so.2 -o cmTC_af1e1 /home/gaomoqi/anaconda3/envs/torch/bin/../x86_64-conda-linux-gnu/sysroot/usr/lib/../lib64/crt1.o /home/gaomoqi/anaconda3/envs/torch/bin/../x86_64-conda-linux-gnu/sysroot/usr/lib/../lib64/crti.o /home/gaomoqi/anaconda3/envs/torch/bin/../lib/gcc/x86_64-conda-linux-gnu/11.2.0/crtbegin.o -L/home/gaomoqi/anaconda3/envs/torch/lib -L/home/gaomoqi/anaconda3/envs/torch/bin/../lib/gcc/x86_64-conda-linux-gnu/11.2.0 -L/home/gaomoqi/anaconda3/envs/torch/bin/../lib/gcc -L/home/gaomoqi/anaconda3/envs/torch/bin/../lib/gcc/x86_64-conda-linux-gnu/11.2.0/../../../../x86_64-conda-linux-gnu/lib/../lib64 -L/home/gaomoqi/anaconda3/envs/torch/bin/../x86_64-conda-linux-gnu/sysroot/lib/../lib64 -L/home/gaomoqi/anaconda3/envs/torch/bin/../x86_64-conda-linux-gnu/sysroot/usr/lib/../lib64 -L/home/gaomoqi/anaconda3/envs/torch/bin/../lib/gcc/x86_64-conda-linux-gnu/11.2.0/../../../../x86_64-conda-linux-gnu/lib -L/home/gaomoqi/anaconda3/envs/torch/bin/../x86_64-conda-linux-gnu/sysroot/lib -L/home/gaomoqi/anaconda3/envs/torch/bin/../x86_64-conda-linux-gnu/sysroot/usr/lib -rpath /home/gaomoqi/anaconda3/envs/torch/lib -O2 --sort-common --as-needed -z relro -z now --disable-new-dtags --gc-sections -rpath /home/gaomoqi/anaconda3/envs/torch/lib -rpath-link /home/gaomoqi/anaconda3/envs/torch/lib CMakeFiles/cmTC_af1e1.dir/CMakeCCompilerABI.c.o -lgcc --push-state --as-needed -lgcc_s --pop-state -lc -lgcc --push-state --as-needed -lgcc_s --pop-state /home/gaomoqi/anaconda3/envs/torch/bin/../lib/gcc/x86_64-conda-linux-gnu/11.2.0/crtend.o /home/gaomoqi/anaconda3/envs/torch/bin/../x86_64-conda-linux-gnu/sysroot/usr/lib/../lib64/crtn.o
COLLECT_GCC_OPTIONS='-march=nocona' '-mtune=haswell' '-ftree-vectorize' '-fPIC' '-fstack-protector-strong' '-fno-plt' '-O2' '-ffunction-sections' '-pipe' '-isystem' '/home/gaomoqi/anaconda3/envs/torch/include' '-L/home/gaomoqi/anaconda3/envs/torch/lib' '-v' '-o' 'cmTC_af1e1' '-dumpdir' 'cmTC_af1e1.'
gmake[1]: Leaving directory '/home/gaomoqi/ArmYolo_ws/build/ur_simulation_gazebo/CMakeFiles/CMakeTmp'



Parsed C implicit include dir info from above output: rv=done
  found start of include info
  found start of implicit include info
    add: [/home/gaomoqi/anaconda3/envs/torch/include]
    add: [/home/gaomoqi/anaconda3/envs/torch/bin/../lib/gcc/x86_64-conda-linux-gnu/11.2.0/include]
    add: [/home/gaomoqi/anaconda3/envs/torch/bin/../lib/gcc/x86_64-conda-linux-gnu/11.2.0/include-fixed]
    add: [/home/gaomoqi/anaconda3/envs/torch/bin/../lib/gcc/x86_64-conda-linux-gnu/11.2.0/../../../../x86_64-conda-linux-gnu/include]
    add: [/home/gaomoqi/anaconda3/envs/torch/bin/../x86_64-conda-linux-gnu/sysroot/usr/include]
  end of search list found
  collapse include dir [/home/gaomoqi/anaconda3/envs/torch/include] ==> [/home/gaomoqi/anaconda3/envs/torch/include]
  collapse include dir [/home/gaomoqi/anaconda3/envs/torch/bin/../lib/gcc/x86_64-conda-linux-gnu/11.2.0/include] ==> [/home/gaomoqi/anaconda3/envs/torch/lib/gcc/x86_64-conda-linux-gnu/11.2.0/include]
  collapse include dir [/home/gaomoqi/anaconda3/envs/torch/bin/../lib/gcc/x86_64-conda-linux-gnu/11.2.0/include-fixed] ==> [/home/gaomoqi/anaconda3/envs/torch/lib/gcc/x86_64-conda-linux-gnu/11.2.0/include-fixed]
  collapse include dir [/home/gaomoqi/anaconda3/envs/torch/bin/../lib/gcc/x86_64-conda-linux-gnu/11.2.0/../../../../x86_64-conda-linux-gnu/include] ==> [/home/gaomoqi/anaconda3/envs/torch/x86_64-conda-linux-gnu/include]
  collapse include dir [/home/gaomoqi/anaconda3/envs/torch/bin/../x86_64-conda-linux-gnu/sysroot/usr/include] ==> [/home/gaomoqi/anaconda3/envs/torch/x86_64-conda-linux-gnu/sysroot/usr/include]
  implicit include dirs: [/home/gaomoqi/anaconda3/envs/torch/include;/home/gaomoqi/anaconda3/envs/torch/lib/gcc/x86_64-conda-linux-gnu/11.2.0/include;/home/gaomoqi/anaconda3/envs/torch/lib/gcc/x86_64-conda-linux-gnu/11.2.0/include-fixed;/home/gaomoqi/anaconda3/envs/torch/x86_64-conda-linux-gnu/include;/home/gaomoqi/anaconda3/envs/torch/x86_64-conda-linux-gnu/sysroot/usr/include]


Parsed C implicit link information from above output:
  link line regex: [^( *|.*[/\])(x86_64-conda-linux-gnu-ld|CMAKE_LINK_STARTFILE-NOTFOUND|([^/\]+-)?ld|collect2)[^/\]*( |$)]
  ignore line: [Change Dir: /home/gaomoqi/ArmYolo_ws/build/ur_simulation_gazebo/CMakeFiles/CMakeTmp]
  ignore line: []
  ignore line: [Run Build Command(s):/usr/bin/gmake -f Makefile cmTC_af1e1/fast && /usr/bin/gmake  -f CMakeFiles/cmTC_af1e1.dir/build.make CMakeFiles/cmTC_af1e1.dir/build]
  ignore line: [gmake[1]: Entering directory '/home/gaomoqi/ArmYolo_ws/build/ur_simulation_gazebo/CMakeFiles/CMakeTmp']
  ignore line: [Building C object CMakeFiles/cmTC_af1e1.dir/CMakeCCompilerABI.c.o]
  ignore line: [/home/gaomoqi/anaconda3/envs/torch/bin/x86_64-conda-linux-gnu-cc   -march=nocona -mtune=haswell -ftree-vectorize -fPIC -fstack-protector-strong -fno-plt -O2 -ffunction-sections -pipe -isystem /home/gaomoqi/anaconda3/envs/torch/include    -v -o CMakeFiles/cmTC_af1e1.dir/CMakeCCompilerABI.c.o -c /usr/share/cmake-3.22/Modules/CMakeCCompilerABI.c]
  ignore line: [Reading specs from /home/gaomoqi/anaconda3/envs/torch/bin/../lib/gcc/x86_64-conda-linux-gnu/11.2.0/specs]
  ignore line: [COLLECT_GCC=/home/gaomoqi/anaconda3/envs/torch/bin/x86_64-conda-linux-gnu-cc]
  ignore line: [Target: x86_64-conda-linux-gnu]
  ignore line: [Configured with: /opt/conda/conda-bld/gcc-compiler_1654084175708/work/gcc/configure --build=x86_64-build_conda-linux-gnu --host=x86_64-build_conda-linux-gnu --target=x86_64-conda-linux-gnu --prefix=/opt/conda/conda-bld/gcc-compiler_1654084175708/work/gcc_built --exec_prefix=/opt/conda/conda-bld/gcc-compiler_1654084175708/work/gcc_built --with-sysroot=/opt/conda/conda-bld/gcc-compiler_1654084175708/work/gcc_built/x86_64-conda-linux-gnu/sysroot --with-local-prefix=/opt/conda/conda-bld/gcc-compiler_1654084175708/work/gcc_built/x86_64-conda-linux-gnu/sysroot --enable-long-long --disable-multilib --disable-nls --with-gmp=/opt/conda/conda-bld/gcc-compiler_1654084175708/work/buildtools --with-mpfr=/opt/conda/conda-bld/gcc-compiler_1654084175708/work/buildtools --with-mpc=/opt/conda/conda-bld/gcc-compiler_1654084175708/work/buildtools --with-isl=/opt/conda/conda-bld/gcc-compiler_1654084175708/work/buildtools --without-zstd --enable-languages=c c++ fortran objc obj-c++ --enable-__cxa_atexit --disable-libmudflap --enable-libgomp --enable-libquadmath --enable-libquadmath-support --enable-libsanitizer --disable-libstdcxx-verbose --enable-lto --enable-libcc1 --enable-threads=posix --enable-plugin --with-pkgversion='Anaconda gcc' --enable-libmpx]
  ignore line: [Thread model: posix]
  ignore line: [Supported LTO compression algorithms: zlib]
  ignore line: [gcc version 11.2.0 (Anaconda gcc) ]
  ignore line: [COLLECT_GCC_OPTIONS='-march=nocona' '-mtune=haswell' '-ftree-vectorize' '-fPIC' '-fstack-protector-strong' '-fno-plt' '-O2' '-ffunction-sections' '-pipe' '-isystem' '/home/gaomoqi/anaconda3/envs/torch/include' '-v' '-o' 'CMakeFiles/cmTC_af1e1.dir/CMakeCCompilerABI.c.o' '-c' '-dumpdir' 'CMakeFiles/cmTC_af1e1.dir/']
  ignore line: [ /home/gaomoqi/anaconda3/envs/torch/bin/../libexec/gcc/x86_64-conda-linux-gnu/11.2.0/cc1 -quiet -v -iprefix /home/gaomoqi/anaconda3/envs/torch/bin/../lib/gcc/x86_64-conda-linux-gnu/11.2.0/ -isysroot /home/gaomoqi/anaconda3/envs/torch/bin/../x86_64-conda-linux-gnu/sysroot -isystem /home/gaomoqi/anaconda3/envs/torch/include /usr/share/cmake-3.22/Modules/CMakeCCompilerABI.c -quiet -dumpdir CMakeFiles/cmTC_af1e1.dir/ -dumpbase CMakeCCompilerABI.c.c -dumpbase-ext .c -march=nocona -mtune=haswell -O2 -version -ftree-vectorize -fPIC -fstack-protector-strong -fno-plt -ffunction-sections -o - |]
  ignore line: [ /home/gaomoqi/anaconda3/envs/torch/bin/../lib/gcc/x86_64-conda-linux-gnu/11.2.0/../../../../x86_64-conda-linux-gnu/bin/as -v --64 -o CMakeFiles/cmTC_af1e1.dir/CMakeCCompilerABI.c.o]
  ignore line: [GNU assembler version 2.40 (x86_64-conda-linux-gnu) using BFD version (Anaconda binutils) 2.40]
  ignore line: [GNU C17 (Anaconda gcc) version 11.2.0 (x86_64-conda-linux-gnu)]
  ignore line: [	compiled by GNU C version 11.2.0  GMP version 6.2.1  MPFR version 4.1.0  MPC version 1.2.1  isl version isl-0.24-GMP]
  ignore line: []
  ignore line: [GGC heuristics: --param ggc-min-expand=100 --param ggc-min-heapsize=131072]
  ignore line: [ignoring duplicate directory "/home/gaomoqi/anaconda3/envs/torch/bin/../lib/gcc/../../lib/gcc/x86_64-conda-linux-gnu/11.2.0/include"]
  ignore line: [ignoring nonexistent directory "/home/gaomoqi/anaconda3/envs/torch/bin/../x86_64-conda-linux-gnu/sysroot/opt/conda/conda-bld/gcc-compiler_1654084175708/work/gcc_built/x86_64-conda-linux-gnu/sysroot/include"]
  ignore line: [ignoring duplicate directory "/home/gaomoqi/anaconda3/envs/torch/bin/../lib/gcc/../../lib/gcc/x86_64-conda-linux-gnu/11.2.0/include-fixed"]
  ignore line: [ignoring duplicate directory "/home/gaomoqi/anaconda3/envs/torch/bin/../lib/gcc/../../lib/gcc/x86_64-conda-linux-gnu/11.2.0/../../../../x86_64-conda-linux-gnu/include"]
  ignore line: [#include "..." search starts here:]
  ignore line: [#include <...> search starts here:]
  ignore line: [ /home/gaomoqi/anaconda3/envs/torch/include]
  ignore line: [ /home/gaomoqi/anaconda3/envs/torch/bin/../lib/gcc/x86_64-conda-linux-gnu/11.2.0/include]
  ignore line: [ /home/gaomoqi/anaconda3/envs/torch/bin/../lib/gcc/x86_64-conda-linux-gnu/11.2.0/include-fixed]
  ignore line: [ /home/gaomoqi/anaconda3/envs/torch/bin/../lib/gcc/x86_64-conda-linux-gnu/11.2.0/../../../../x86_64-conda-linux-gnu/include]
  ignore line: [ /home/gaomoqi/anaconda3/envs/torch/bin/../x86_64-conda-linux-gnu/sysroot/usr/include]
  ignore line: [End of search list.]
  ignore line: [GNU C17 (Anaconda gcc) version 11.2.0 (x86_64-conda-linux-gnu)]
  ignore line: [	compiled by GNU C version 11.2.0  GMP version 6.2.1  MPFR version 4.1.0  MPC version 1.2.1  isl version isl-0.24-GMP]
  ignore line: []
  ignore line: [GGC heuristics: --param ggc-min-expand=100 --param ggc-min-heapsize=131072]
  ignore line: [Compiler executable checksum: e1e0bc17a565350666787f1586df2119]
  ignore line: [COMPILER_PATH=/home/gaomoqi/anaconda3/envs/torch/bin/../libexec/gcc/x86_64-conda-linux-gnu/11.2.0/:/home/gaomoqi/anaconda3/envs/torch/bin/../libexec/gcc/:/home/gaomoqi/anaconda3/envs/torch/bin/../lib/gcc/x86_64-conda-linux-gnu/11.2.0/../../../../x86_64-conda-linux-gnu/bin/]
  ignore line: [LIBRARY_PATH=/home/gaomoqi/anaconda3/envs/torch/bin/../lib/gcc/x86_64-conda-linux-gnu/11.2.0/:/home/gaomoqi/anaconda3/envs/torch/bin/../lib/gcc/:/home/gaomoqi/anaconda3/envs/torch/bin/../lib/gcc/x86_64-conda-linux-gnu/11.2.0/../../../../x86_64-conda-linux-gnu/lib/../lib64/:/home/gaomoqi/anaconda3/envs/torch/bin/../x86_64-conda-linux-gnu/sysroot/lib/../lib64/:/home/gaomoqi/anaconda3/envs/torch/bin/../x86_64-conda-linux-gnu/sysroot/usr/lib/../lib64/:/home/gaomoqi/anaconda3/envs/torch/bin/../lib/gcc/x86_64-conda-linux-gnu/11.2.0/../../../../x86_64-conda-linux-gnu/lib/:/home/gaomoqi/anaconda3/envs/torch/bin/../x86_64-conda-linux-gnu/sysroot/lib/:/home/gaomoqi/anaconda3/envs/torch/bin/../x86_64-conda-linux-gnu/sysroot/usr/lib/]
  ignore line: [COLLECT_GCC_OPTIONS='-march=nocona' '-mtune=haswell' '-ftree-vectorize' '-fPIC' '-fstack-protector-strong' '-fno-plt' '-O2' '-ffunction-sections' '-pipe' '-isystem' '/home/gaomoqi/anaconda3/envs/torch/include' '-v' '-o' 'CMakeFiles/cmTC_af1e1.dir/CMakeCCompilerABI.c.o' '-c' '-dumpdir' 'CMakeFiles/cmTC_af1e1.dir/CMakeCCompilerABI.c.']
  ignore line: [Linking C executable cmTC_af1e1]
  ignore line: [/usr/bin/cmake -E cmake_link_script CMakeFiles/cmTC_af1e1.dir/link.txt --verbose=1]
  ignore line: [/home/gaomoqi/anaconda3/envs/torch/bin/x86_64-conda-linux-gnu-cc -march=nocona -mtune=haswell -ftree-vectorize -fPIC -fstack-protector-strong -fno-plt -O2 -ffunction-sections -pipe -isystem /home/gaomoqi/anaconda3/envs/torch/include  -Wl -O2 -Wl --sort-common -Wl --as-needed -Wl -z relro -Wl -z now -Wl --disable-new-dtags -Wl --gc-sections -Wl -rpath /home/gaomoqi/anaconda3/envs/torch/lib -Wl -rpath-link /home/gaomoqi/anaconda3/envs/torch/lib -L/home/gaomoqi/anaconda3/envs/torch/lib -v CMakeFiles/cmTC_af1e1.dir/CMakeCCompilerABI.c.o -o cmTC_af1e1 ]
  ignore line: [Reading specs from /home/gaomoqi/anaconda3/envs/torch/bin/../lib/gcc/x86_64-conda-linux-gnu/11.2.0/specs]
  ignore line: [COLLECT_GCC=/home/gaomoqi/anaconda3/envs/torch/bin/x86_64-conda-linux-gnu-cc]
  ignore line: [COLLECT_LTO_WRAPPER=/home/gaomoqi/anaconda3/envs/torch/bin/../libexec/gcc/x86_64-conda-linux-gnu/11.2.0/lto-wrapper]
  ignore line: [Target: x86_64-conda-linux-gnu]
  ignore line: [Configured with: /opt/conda/conda-bld/gcc-compiler_1654084175708/work/gcc/configure --build=x86_64-build_conda-linux-gnu --host=x86_64-build_conda-linux-gnu --target=x86_64-conda-linux-gnu --prefix=/opt/conda/conda-bld/gcc-compiler_1654084175708/work/gcc_built --exec_prefix=/opt/conda/conda-bld/gcc-compiler_1654084175708/work/gcc_built --with-sysroot=/opt/conda/conda-bld/gcc-compiler_1654084175708/work/gcc_built/x86_64-conda-linux-gnu/sysroot --with-local-prefix=/opt/conda/conda-bld/gcc-compiler_1654084175708/work/gcc_built/x86_64-conda-linux-gnu/sysroot --enable-long-long --disable-multilib --disable-nls --with-gmp=/opt/conda/conda-bld/gcc-compiler_1654084175708/work/buildtools --with-mpfr=/opt/conda/conda-bld/gcc-compiler_1654084175708/work/buildtools --with-mpc=/opt/conda/conda-bld/gcc-compiler_1654084175708/work/buildtools --with-isl=/opt/conda/conda-bld/gcc-compiler_1654084175708/work/buildtools --without-zstd --enable-languages=c c++ fortran objc obj-c++ --enable-__cxa_atexit --disable-libmudflap --enable-libgomp --enable-libquadmath --enable-libquadmath-support --enable-libsanitizer --disable-libstdcxx-verbose --enable-lto --enable-libcc1 --enable-threads=posix --enable-plugin --with-pkgversion='Anaconda gcc' --enable-libmpx]
  ignore line: [Thread model: posix]
  ignore line: [Supported LTO compression algorithms: zlib]
  ignore line: [gcc version 11.2.0 (Anaconda gcc) ]
  ignore line: [COMPILER_PATH=/home/gaomoqi/anaconda3/envs/torch/bin/../libexec/gcc/x86_64-conda-linux-gnu/11.2.0/:/home/gaomoqi/anaconda3/envs/torch/bin/../libexec/gcc/:/home/gaomoqi/anaconda3/envs/torch/bin/../lib/gcc/x86_64-conda-linux-gnu/11.2.0/../../../../x86_64-conda-linux-gnu/bin/]
  ignore line: [LIBRARY_PATH=/home/gaomoqi/anaconda3/envs/torch/bin/../lib/gcc/x86_64-conda-linux-gnu/11.2.0/:/home/gaomoqi/anaconda3/envs/torch/bin/../lib/gcc/:/home/gaomoqi/anaconda3/envs/torch/bin/../lib/gcc/x86_64-conda-linux-gnu/11.2.0/../../../../x86_64-conda-linux-gnu/lib/../lib64/:/home/gaomoqi/anaconda3/envs/torch/bin/../x86_64-conda-linux-gnu/sysroot/lib/../lib64/:/home/gaomoqi/anaconda3/envs/torch/bin/../x86_64-conda-linux-gnu/sysroot/usr/lib/../lib64/:/home/gaomoqi/anaconda3/envs/torch/bin/../lib/gcc/x86_64-conda-linux-gnu/11.2.0/../../../../x86_64-conda-linux-gnu/lib/:/home/gaomoqi/anaconda3/envs/torch/bin/../x86_64-conda-linux-gnu/sysroot/lib/:/home/gaomoqi/anaconda3/envs/torch/bin/../x86_64-conda-linux-gnu/sysroot/usr/lib/]
  ignore line: [COLLECT_GCC_OPTIONS='-march=nocona' '-mtune=haswell' '-ftree-vectorize' '-fPIC' '-fstack-protector-strong' '-fno-plt' '-O2' '-ffunction-sections' '-pipe' '-isystem' '/home/gaomoqi/anaconda3/envs/torch/include' '-L/home/gaomoqi/anaconda3/envs/torch/lib' '-v' '-o' 'cmTC_af1e1' '-dumpdir' 'cmTC_af1e1.']
  link line: [ /home/gaomoqi/anaconda3/envs/torch/bin/../libexec/gcc/x86_64-conda-linux-gnu/11.2.0/collect2 -plugin /home/gaomoqi/anaconda3/envs/torch/bin/../libexec/gcc/x86_64-conda-linux-gnu/11.2.0/liblto_plugin.so -plugin-opt=/home/gaomoqi/anaconda3/envs/torch/bin/../libexec/gcc/x86_64-conda-linux-gnu/11.2.0/lto-wrapper -plugin-opt=-fresolution=/tmp/ccmkq5we.res -plugin-opt=-pass-through=-lgcc -plugin-opt=-pass-through=-lgcc_s -plugin-opt=-pass-through=-lc -plugin-opt=-pass-through=-lgcc -plugin-opt=-pass-through=-lgcc_s --sysroot=/home/gaomoqi/anaconda3/envs/torch/bin/../x86_64-conda-linux-gnu/sysroot --eh-frame-hdr -m elf_x86_64 -dynamic-linker /lib64/ld-linux-x86-64.so.2 -o cmTC_af1e1 /home/gaomoqi/anaconda3/envs/torch/bin/../x86_64-conda-linux-gnu/sysroot/usr/lib/../lib64/crt1.o /home/gaomoqi/anaconda3/envs/torch/bin/../x86_64-conda-linux-gnu/sysroot/usr/lib/../lib64/crti.o /home/gaomoqi/anaconda3/envs/torch/bin/../lib/gcc/x86_64-conda-linux-gnu/11.2.0/crtbegin.o -L/home/gaomoqi/anaconda3/envs/torch/lib -L/home/gaomoqi/anaconda3/envs/torch/bin/../lib/gcc/x86_64-conda-linux-gnu/11.2.0 -L/home/gaomoqi/anaconda3/envs/torch/bin/../lib/gcc -L/home/gaomoqi/anaconda3/envs/torch/bin/../lib/gcc/x86_64-conda-linux-gnu/11.2.0/../../../../x86_64-conda-linux-gnu/lib/../lib64 -L/home/gaomoqi/anaconda3/envs/torch/bin/../x86_64-conda-linux-gnu/sysroot/lib/../lib64 -L/home/gaomoqi/anaconda3/envs/torch/bin/../x86_64-conda-linux-gnu/sysroot/usr/lib/../lib64 -L/home/gaomoqi/anaconda3/envs/torch/bin/../lib/gcc/x86_64-conda-linux-gnu/11.2.0/../../../../x86_64-conda-linux-gnu/lib -L/home/gaomoqi/anaconda3/envs/torch/bin/../x86_64-conda-linux-gnu/sysroot/lib -L/home/gaomoqi/anaconda3/envs/torch/bin/../x86_64-conda-linux-gnu/sysroot/usr/lib -rpath /home/gaomoqi/anaconda3/envs/torch/lib -O2 --sort-common --as-needed -z relro -z now --disable-new-dtags --gc-sections -rpath /home/gaomoqi/anaconda3/envs/torch/lib -rpath-link /home/gaomoqi/anaconda3/envs/torch/lib CMakeFiles/cmTC_af1e1.dir/CMakeCCompilerABI.c.o -lgcc --push-state --as-needed -lgcc_s --pop-state -lc -lgcc --push-state --as-needed -lgcc_s --pop-state /home/gaomoqi/anaconda3/envs/torch/bin/../lib/gcc/x86_64-conda-linux-gnu/11.2.0/crtend.o /home/gaomoqi/anaconda3/envs/torch/bin/../x86_64-conda-linux-gnu/sysroot/usr/lib/../lib64/crtn.o]
    arg [/home/gaomoqi/anaconda3/envs/torch/bin/../libexec/gcc/x86_64-conda-linux-gnu/11.2.0/collect2] ==> ignore
    arg [-plugin] ==> ignore
    arg [/home/gaomoqi/anaconda3/envs/torch/bin/../libexec/gcc/x86_64-conda-linux-gnu/11.2.0/liblto_plugin.so] ==> ignore
    arg [-plugin-opt=/home/gaomoqi/anaconda3/envs/torch/bin/../libexec/gcc/x86_64-conda-linux-gnu/11.2.0/lto-wrapper] ==> ignore
    arg [-plugin-opt=-fresolution=/tmp/ccmkq5we.res] ==> ignore
    arg [-plugin-opt=-pass-through=-lgcc] ==> ignore
    arg [-plugin-opt=-pass-through=-lgcc_s] ==> ignore
    arg [-plugin-opt=-pass-through=-lc] ==> ignore
    arg [-plugin-opt=-pass-through=-lgcc] ==> ignore
    arg [-plugin-opt=-pass-through=-lgcc_s] ==> ignore
    arg [--sysroot=/home/gaomoqi/anaconda3/envs/torch/bin/../x86_64-conda-linux-gnu/sysroot] ==> ignore
    arg [--eh-frame-hdr] ==> ignore
    arg [-m] ==> ignore
    arg [elf_x86_64] ==> ignore
    arg [-dynamic-linker] ==> ignore
    arg [/lib64/ld-linux-x86-64.so.2] ==> ignore
    arg [-o] ==> ignore
    arg [cmTC_af1e1] ==> ignore
    arg [/home/gaomoqi/anaconda3/envs/torch/bin/../x86_64-conda-linux-gnu/sysroot/usr/lib/../lib64/crt1.o] ==> obj [/home/gaomoqi/anaconda3/envs/torch/bin/../x86_64-conda-linux-gnu/sysroot/usr/lib/../lib64/crt1.o]
    arg [/home/gaomoqi/anaconda3/envs/torch/bin/../x86_64-conda-linux-gnu/sysroot/usr/lib/../lib64/crti.o] ==> obj [/home/gaomoqi/anaconda3/envs/torch/bin/../x86_64-conda-linux-gnu/sysroot/usr/lib/../lib64/crti.o]
    arg [/home/gaomoqi/anaconda3/envs/torch/bin/../lib/gcc/x86_64-conda-linux-gnu/11.2.0/crtbegin.o] ==> obj [/home/gaomoqi/anaconda3/envs/torch/bin/../lib/gcc/x86_64-conda-linux-gnu/11.2.0/crtbegin.o]
    arg [-L/home/gaomoqi/anaconda3/envs/torch/lib] ==> dir [/home/gaomoqi/anaconda3/envs/torch/lib]
    arg [-L/home/gaomoqi/anaconda3/envs/torch/bin/../lib/gcc/x86_64-conda-linux-gnu/11.2.0] ==> dir [/home/gaomoqi/anaconda3/envs/torch/bin/../lib/gcc/x86_64-conda-linux-gnu/11.2.0]
    arg [-L/home/gaomoqi/anaconda3/envs/torch/bin/../lib/gcc] ==> dir [/home/gaomoqi/anaconda3/envs/torch/bin/../lib/gcc]
    arg [-L/home/gaomoqi/anaconda3/envs/torch/bin/../lib/gcc/x86_64-conda-linux-gnu/11.2.0/../../../../x86_64-conda-linux-gnu/lib/../lib64] ==> dir [/home/gaomoqi/anaconda3/envs/torch/bin/../lib/gcc/x86_64-conda-linux-gnu/11.2.0/../../../../x86_64-conda-linux-gnu/lib/../lib64]
    arg [-L/home/gaomoqi/anaconda3/envs/torch/bin/../x86_64-conda-linux-gnu/sysroot/lib/../lib64] ==> dir [/home/gaomoqi/anaconda3/envs/torch/bin/../x86_64-conda-linux-gnu/sysroot/lib/../lib64]
    arg [-L/home/gaomoqi/anaconda3/envs/torch/bin/../x86_64-conda-linux-gnu/sysroot/usr/lib/../lib64] ==> dir [/home/gaomoqi/anaconda3/envs/torch/bin/../x86_64-conda-linux-gnu/sysroot/usr/lib/../lib64]
    arg [-L/home/gaomoqi/anaconda3/envs/torch/bin/../lib/gcc/x86_64-conda-linux-gnu/11.2.0/../../../../x86_64-conda-linux-gnu/lib] ==> dir [/home/gaomoqi/anaconda3/envs/torch/bin/../lib/gcc/x86_64-conda-linux-gnu/11.2.0/../../../../x86_64-conda-linux-gnu/lib]
    arg [-L/home/gaomoqi/anaconda3/envs/torch/bin/../x86_64-conda-linux-gnu/sysroot/lib] ==> dir [/home/gaomoqi/anaconda3/envs/torch/bin/../x86_64-conda-linux-gnu/sysroot/lib]
    arg [-L/home/gaomoqi/anaconda3/envs/torch/bin/../x86_64-conda-linux-gnu/sysroot/usr/lib] ==> dir [/home/gaomoqi/anaconda3/envs/torch/bin/../x86_64-conda-linux-gnu/sysroot/usr/lib]
    arg [-rpath] ==> ignore
    arg [/home/gaomoqi/anaconda3/envs/torch/lib] ==> ignore
    arg [-O2] ==> ignore
    arg [--sort-common] ==> ignore
    arg [--as-needed] ==> ignore
    arg [-zrelro] ==> ignore
    arg [-znow] ==> ignore
    arg [--disable-new-dtags] ==> ignore
    arg [--gc-sections] ==> ignore
    arg [-rpath] ==> ignore
    arg [/home/gaomoqi/anaconda3/envs/torch/lib] ==> ignore
    arg [-rpath-link] ==> ignore
    arg [/home/gaomoqi/anaconda3/envs/torch/lib] ==> ignore
    arg [CMakeFiles/cmTC_af1e1.dir/CMakeCCompilerABI.c.o] ==> ignore
    arg [-lgcc] ==> lib [gcc]
    arg [--push-state] ==> ignore
    arg [--as-needed] ==> ignore
    arg [-lgcc_s] ==> lib [gcc_s]
    arg [--pop-state] ==> ignore
    arg [-lc] ==> lib [c]
    arg [-lgcc] ==> lib [gcc]
    arg [--push-state] ==> ignore
    arg [--as-needed] ==> ignore
    arg [-lgcc_s] ==> lib [gcc_s]
    arg [--pop-state] ==> ignore
    arg [/home/gaomoqi/anaconda3/envs/torch/bin/../lib/gcc/x86_64-conda-linux-gnu/11.2.0/crtend.o] ==> obj [/home/gaomoqi/anaconda3/envs/torch/bin/../lib/gcc/x86_64-conda-linux-gnu/11.2.0/crtend.o]
    arg [/home/gaomoqi/anaconda3/envs/torch/bin/../x86_64-conda-linux-gnu/sysroot/usr/lib/../lib64/crtn.o] ==> obj [/home/gaomoqi/anaconda3/envs/torch/bin/../x86_64-conda-linux-gnu/sysroot/usr/lib/../lib64/crtn.o]
  collapse obj [/home/gaomoqi/anaconda3/envs/torch/bin/../x86_64-conda-linux-gnu/sysroot/usr/lib/../lib64/crt1.o] ==> [/home/gaomoqi/anaconda3/envs/torch/x86_64-conda-linux-gnu/sysroot/usr/lib64/crt1.o]
  collapse obj [/home/gaomoqi/anaconda3/envs/torch/bin/../x86_64-conda-linux-gnu/sysroot/usr/lib/../lib64/crti.o] ==> [/home/gaomoqi/anaconda3/envs/torch/x86_64-conda-linux-gnu/sysroot/usr/lib64/crti.o]
  collapse obj [/home/gaomoqi/anaconda3/envs/torch/bin/../lib/gcc/x86_64-conda-linux-gnu/11.2.0/crtbegin.o] ==> [/home/gaomoqi/anaconda3/envs/torch/lib/gcc/x86_64-conda-linux-gnu/11.2.0/crtbegin.o]
  collapse obj [/home/gaomoqi/anaconda3/envs/torch/bin/../lib/gcc/x86_64-conda-linux-gnu/11.2.0/crtend.o] ==> [/home/gaomoqi/anaconda3/envs/torch/lib/gcc/x86_64-conda-linux-gnu/11.2.0/crtend.o]
  collapse obj [/home/gaomoqi/anaconda3/envs/torch/bin/../x86_64-conda-linux-gnu/sysroot/usr/lib/../lib64/crtn.o] ==> [/home/gaomoqi/anaconda3/envs/torch/x86_64-conda-linux-gnu/sysroot/usr/lib64/crtn.o]
  collapse library dir [/home/gaomoqi/anaconda3/envs/torch/lib] ==> [/home/gaomoqi/anaconda3/envs/torch/lib]
  collapse library dir [/home/gaomoqi/anaconda3/envs/torch/bin/../lib/gcc/x86_64-conda-linux-gnu/11.2.0] ==> [/home/gaomoqi/anaconda3/envs/torch/lib/gcc/x86_64-conda-linux-gnu/11.2.0]
  collapse library dir [/home/gaomoqi/anaconda3/envs/torch/bin/../lib/gcc] ==> [/home/gaomoqi/anaconda3/envs/torch/lib/gcc]
  collapse library dir [/home/gaomoqi/anaconda3/envs/torch/bin/../lib/gcc/x86_64-conda-linux-gnu/11.2.0/../../../../x86_64-conda-linux-gnu/lib/../lib64] ==> [/home/gaomoqi/anaconda3/envs/torch/x86_64-conda-linux-gnu/lib64]
  collapse library dir [/home/gaomoqi/anaconda3/envs/torch/bin/../x86_64-conda-linux-gnu/sysroot/lib/../lib64] ==> [/home/gaomoqi/anaconda3/envs/torch/x86_64-conda-linux-gnu/sysroot/lib64]
  collapse library dir [/home/gaomoqi/anaconda3/envs/torch/bin/../x86_64-conda-linux-gnu/sysroot/usr/lib/../lib64] ==> [/home/gaomoqi/anaconda3/envs/torch/x86_64-conda-linux-gnu/sysroot/usr/lib64]
  collapse library dir [/home/gaomoqi/anaconda3/envs/torch/bin/../lib/gcc/x86_64-conda-linux-gnu/11.2.0/../../../../x86_64-conda-linux-gnu/lib] ==> [/home/gaomoqi/anaconda3/envs/torch/x86_64-conda-linux-gnu/lib]
  collapse library dir [/home/gaomoqi/anaconda3/envs/torch/bin/../x86_64-conda-linux-gnu/sysroot/lib] ==> [/home/gaomoqi/anaconda3/envs/torch/x86_64-conda-linux-gnu/sysroot/lib]
  collapse library dir [/home/gaomoqi/anaconda3/envs/torch/bin/../x86_64-conda-linux-gnu/sysroot/usr/lib] ==> [/home/gaomoqi/anaconda3/envs/torch/x86_64-conda-linux-gnu/sysroot/usr/lib]
  implicit libs: [gcc;gcc_s;c;gcc;gcc_s]
  implicit objs: [/home/gaomoqi/anaconda3/envs/torch/x86_64-conda-linux-gnu/sysroot/usr/lib64/crt1.o;/home/gaomoqi/anaconda3/envs/torch/x86_64-conda-linux-gnu/sysroot/usr/lib64/crti.o;/home/gaomoqi/anaconda3/envs/torch/lib/gcc/x86_64-conda-linux-gnu/11.2.0/crtbegin.o;/home/gaomoqi/anaconda3/envs/torch/lib/gcc/x86_64-conda-linux-gnu/11.2.0/crtend.o;/home/gaomoqi/anaconda3/envs/torch/x86_64-conda-linux-gnu/sysroot/usr/lib64/crtn.o]
  implicit dirs: [/home/gaomoqi/anaconda3/envs/torch/lib;/home/gaomoqi/anaconda3/envs/torch/lib/gcc/x86_64-conda-linux-gnu/11.2.0;/home/gaomoqi/anaconda3/envs/torch/lib/gcc;/home/gaomoqi/anaconda3/envs/torch/x86_64-conda-linux-gnu/lib64;/home/gaomoqi/anaconda3/envs/torch/x86_64-conda-linux-gnu/sysroot/lib64;/home/gaomoqi/anaconda3/envs/torch/x86_64-conda-linux-gnu/sysroot/usr/lib64;/home/gaomoqi/anaconda3/envs/torch/x86_64-conda-linux-gnu/lib;/home/gaomoqi/anaconda3/envs/torch/x86_64-conda-linux-gnu/sysroot/lib;/home/gaomoqi/anaconda3/envs/torch/x86_64-conda-linux-gnu/sysroot/usr/lib]
  implicit fwks: []


Detecting CXX compiler ABI info compiled with the following output:
Change Dir: /home/gaomoqi/ArmYolo_ws/build/ur_simulation_gazebo/CMakeFiles/CMakeTmp

Run Build Command(s):/usr/bin/gmake -f Makefile cmTC_4a074/fast && /usr/bin/gmake  -f CMakeFiles/cmTC_4a074.dir/build.make CMakeFiles/cmTC_4a074.dir/build
gmake[1]: Entering directory '/home/gaomoqi/ArmYolo_ws/build/ur_simulation_gazebo/CMakeFiles/CMakeTmp'
Building CXX object CMakeFiles/cmTC_4a074.dir/CMakeCXXCompilerABI.cpp.o
/home/gaomoqi/anaconda3/envs/torch/bin/x86_64-conda-linux-gnu-c++   -fvisibility-inlines-hidden -std=c++17 -fmessage-length=0 -march=nocona -mtune=haswell -ftree-vectorize -fPIC -fstack-protector-strong -fno-plt -O2 -ffunction-sections -pipe -isystem /home/gaomoqi/anaconda3/envs/torch/include    -v -o CMakeFiles/cmTC_4a074.dir/CMakeCXXCompilerABI.cpp.o -c /usr/share/cmake-3.22/Modules/CMakeCXXCompilerABI.cpp
Reading specs from /home/gaomoqi/anaconda3/envs/torch/bin/../lib/gcc/x86_64-conda-linux-gnu/11.2.0/specs
COLLECT_GCC=/home/gaomoqi/anaconda3/envs/torch/bin/x86_64-conda-linux-gnu-c++
Target: x86_64-conda-linux-gnu
Configured with: /opt/conda/conda-bld/gcc-compiler_1654084175708/work/gcc/configure --build=x86_64-build_conda-linux-gnu --host=x86_64-build_conda-linux-gnu --target=x86_64-conda-linux-gnu --prefix=/opt/conda/conda-bld/gcc-compiler_1654084175708/work/gcc_built --exec_prefix=/opt/conda/conda-bld/gcc-compiler_1654084175708/work/gcc_built --with-sysroot=/opt/conda/conda-bld/gcc-compiler_1654084175708/work/gcc_built/x86_64-conda-linux-gnu/sysroot --with-local-prefix=/opt/conda/conda-bld/gcc-compiler_1654084175708/work/gcc_built/x86_64-conda-linux-gnu/sysroot --enable-long-long --disable-multilib --disable-nls --with-gmp=/opt/conda/conda-bld/gcc-compiler_1654084175708/work/buildtools --with-mpfr=/opt/conda/conda-bld/gcc-compiler_1654084175708/work/buildtools --with-mpc=/opt/conda/conda-bld/gcc-compiler_1654084175708/work/buildtools --with-isl=/opt/conda/conda-bld/gcc-compiler_1654084175708/work/buildtools --without-zstd --enable-languages=c,c++,fortran,objc,obj-c++ --enable-__cxa_atexit --disable-libmudflap --enable-libgomp --enable-libquadmath --enable-libquadmath-support --enable-libsanitizer --disable-libstdcxx-verbose --enable-lto --enable-libcc1 --enable-threads=posix --enable-plugin --with-pkgversion='Anaconda gcc' --enable-libmpx
Thread model: posix
Supported LTO compression algorithms: zlib
gcc version 11.2.0 (Anaconda gcc) 
COLLECT_GCC_OPTIONS='-fvisibility-inlines-hidden' '-std=c++17' '-fmessage-length=0' '-march=nocona' '-mtune=haswell' '-ftree-vectorize' '-fPIC' '-fstack-protector-strong' '-fno-plt' '-O2' '-ffunction-sections' '-pipe' '-isystem' '/home/gaomoqi/anaconda3/envs/torch/include' '-v' '-o' 'CMakeFiles/cmTC_4a074.dir/CMakeCXXCompilerABI.cpp.o' '-c' '-shared-libgcc' '-dumpdir' 'CMakeFiles/cmTC_4a074.dir/'
 /home/gaomoqi/anaconda3/envs/torch/bin/../libexec/gcc/x86_64-conda-linux-gnu/11.2.0/cc1plus -quiet -v -iprefix /home/gaomoqi/anaconda3/envs/torch/bin/../lib/gcc/x86_64-conda-linux-gnu/11.2.0/ -isysroot /home/gaomoqi/anaconda3/envs/torch/bin/../x86_64-conda-linux-gnu/sysroot -D_GNU_SOURCE -isystem /home/gaomoqi/anaconda3/envs/torch/include /usr/share/cmake-3.22/Modules/CMakeCXXCompilerABI.cpp -quiet -dumpdir CMakeFiles/cmTC_4a074.dir/ -dumpbase CMakeCXXCompilerABI.cpp.cpp -dumpbase-ext .cpp -march=nocona -mtune=haswell -O2 -std=c++17 -version -fvisibility-inlines-hidden -fmessage-length=0 -ftree-vectorize -fPIC -fstack-protector-strong -fno-plt -ffunction-sections -o - |
 /home/gaomoqi/anaconda3/envs/torch/bin/../lib/gcc/x86_64-conda-linux-gnu/11.2.0/../../../../x86_64-conda-linux-gnu/bin/as -v --64 -o CMakeFiles/cmTC_4a074.dir/CMakeCXXCompilerABI.cpp.o
GNU assembler version 2.40 (x86_64-conda-linux-gnu) using BFD version (Anaconda binutils) 2.40
GNU C++17 (Anaconda gcc) version 11.2.0 (x86_64-conda-linux-gnu)
	compiled by GNU C version 11.2.0, GMP version 6.2.1, MPFR version 4.1.0, MPC version 1.2.1, isl version isl-0.24-GMP

GGC heuristics: --param ggc-min-expand=100 --param ggc-min-heapsize=131072
ignoring duplicate directory "/home/gaomoqi/anaconda3/envs/torch/bin/../lib/gcc/../../lib/gcc/x86_64-conda-linux-gnu/11.2.0/../../../../x86_64-conda-linux-gnu/include/c++/11.2.0"
ignoring duplicate directory "/home/gaomoqi/anaconda3/envs/torch/bin/../lib/gcc/../../lib/gcc/x86_64-conda-linux-gnu/11.2.0/../../../../x86_64-conda-linux-gnu/include/c++/11.2.0/x86_64-conda-linux-gnu"
ignoring duplicate directory "/home/gaomoqi/anaconda3/envs/torch/bin/../lib/gcc/../../lib/gcc/x86_64-conda-linux-gnu/11.2.0/../../../../x86_64-conda-linux-gnu/include/c++/11.2.0/backward"
ignoring duplicate directory "/home/gaomoqi/anaconda3/envs/torch/bin/../lib/gcc/../../lib/gcc/x86_64-conda-linux-gnu/11.2.0/include"
ignoring nonexistent directory "/home/gaomoqi/anaconda3/envs/torch/bin/../x86_64-conda-linux-gnu/sysroot/opt/conda/conda-bld/gcc-compiler_1654084175708/work/gcc_built/x86_64-conda-linux-gnu/sysroot/include"
ignoring duplicate directory "/home/gaomoqi/anaconda3/envs/torch/bin/../lib/gcc/../../lib/gcc/x86_64-conda-linux-gnu/11.2.0/include-fixed"
ignoring duplicate directory "/home/gaomoqi/anaconda3/envs/torch/bin/../lib/gcc/../../lib/gcc/x86_64-conda-linux-gnu/11.2.0/../../../../x86_64-conda-linux-gnu/include"
#include "..." search starts here:
#include <...> search starts here:
 /home/gaomoqi/anaconda3/envs/torch/include
 /home/gaomoqi/anaconda3/envs/torch/bin/../lib/gcc/x86_64-conda-linux-gnu/11.2.0/../../../../x86_64-conda-linux-gnu/include/c++/11.2.0
 /home/gaomoqi/anaconda3/envs/torch/bin/../lib/gcc/x86_64-conda-linux-gnu/11.2.0/../../../../x86_64-conda-linux-gnu/include/c++/11.2.0/x86_64-conda-linux-gnu
 /home/gaomoqi/anaconda3/envs/torch/bin/../lib/gcc/x86_64-conda-linux-gnu/11.2.0/../../../../x86_64-conda-linux-gnu/include/c++/11.2.0/backward
 /home/gaomoqi/anaconda3/envs/torch/bin/../lib/gcc/x86_64-conda-linux-gnu/11.2.0/include
 /home/gaomoqi/anaconda3/envs/torch/bin/../lib/gcc/x86_64-conda-linux-gnu/11.2.0/include-fixed
 /home/gaomoqi/anaconda3/envs/torch/bin/../lib/gcc/x86_64-conda-linux-gnu/11.2.0/../../../../x86_64-conda-linux-gnu/include
 /home/gaomoqi/anaconda3/envs/torch/bin/../x86_64-conda-linux-gnu/sysroot/usr/include
End of search list.
GNU C++17 (Anaconda gcc) version 11.2.0 (x86_64-conda-linux-gnu)
	compiled by GNU C version 11.2.0, GMP version 6.2.1, MPFR version 4.1.0, MPC version 1.2.1, isl version isl-0.24-GMP

GGC heuristics: --param ggc-min-expand=100 --param ggc-min-heapsize=131072
Compiler executable checksum: dcd220e6e6985dc6323f6310e48ad8dd
COMPILER_PATH=/home/gaomoqi/anaconda3/envs/torch/bin/../libexec/gcc/x86_64-conda-linux-gnu/11.2.0/:/home/gaomoqi/anaconda3/envs/torch/bin/../libexec/gcc/:/home/gaomoqi/anaconda3/envs/torch/bin/../lib/gcc/x86_64-conda-linux-gnu/11.2.0/../../../../x86_64-conda-linux-gnu/bin/
LIBRARY_PATH=/home/gaomoqi/anaconda3/envs/torch/bin/../lib/gcc/x86_64-conda-linux-gnu/11.2.0/:/home/gaomoqi/anaconda3/envs/torch/bin/../lib/gcc/:/home/gaomoqi/anaconda3/envs/torch/bin/../lib/gcc/x86_64-conda-linux-gnu/11.2.0/../../../../x86_64-conda-linux-gnu/lib/../lib64/:/home/gaomoqi/anaconda3/envs/torch/bin/../x86_64-conda-linux-gnu/sysroot/lib/../lib64/:/home/gaomoqi/anaconda3/envs/torch/bin/../x86_64-conda-linux-gnu/sysroot/usr/lib/../lib64/:/home/gaomoqi/anaconda3/envs/torch/bin/../lib/gcc/x86_64-conda-linux-gnu/11.2.0/../../../../x86_64-conda-linux-gnu/lib/:/home/gaomoqi/anaconda3/envs/torch/bin/../x86_64-conda-linux-gnu/sysroot/lib/:/home/gaomoqi/anaconda3/envs/torch/bin/../x86_64-conda-linux-gnu/sysroot/usr/lib/
COLLECT_GCC_OPTIONS='-fvisibility-inlines-hidden' '-std=c++17' '-fmessage-length=0' '-march=nocona' '-mtune=haswell' '-ftree-vectorize' '-fPIC' '-fstack-protector-strong' '-fno-plt' '-O2' '-ffunction-sections' '-pipe' '-isystem' '/home/gaomoqi/anaconda3/envs/torch/include' '-v' '-o' 'CMakeFiles/cmTC_4a074.dir/CMakeCXXCompilerABI.cpp.o' '-c' '-shared-libgcc' '-dumpdir' 'CMakeFiles/cmTC_4a074.dir/CMakeCXXCompilerABI.cpp.'
Linking CXX executable cmTC_4a074
/usr/bin/cmake -E cmake_link_script CMakeFiles/cmTC_4a074.dir/link.txt --verbose=1
/home/gaomoqi/anaconda3/envs/torch/bin/x86_64-conda-linux-gnu-c++ -fvisibility-inlines-hidden -std=c++17 -fmessage-length=0 -march=nocona -mtune=haswell -ftree-vectorize -fPIC -fstack-protector-strong -fno-plt -O2 -ffunction-sections -pipe -isystem /home/gaomoqi/anaconda3/envs/torch/include  -Wl,-O2 -Wl,--sort-common -Wl,--as-needed -Wl,-z,relro -Wl,-z,now -Wl,--disable-new-dtags -Wl,--gc-sections -Wl,-rpath,/home/gaomoqi/anaconda3/envs/torch/lib -Wl,-rpath-link,/home/gaomoqi/anaconda3/envs/torch/lib -L/home/gaomoqi/anaconda3/envs/torch/lib -v CMakeFiles/cmTC_4a074.dir/CMakeCXXCompilerABI.cpp.o -o cmTC_4a074 
Reading specs from /home/gaomoqi/anaconda3/envs/torch/bin/../lib/gcc/x86_64-conda-linux-gnu/11.2.0/specs
COLLECT_GCC=/home/gaomoqi/anaconda3/envs/torch/bin/x86_64-conda-linux-gnu-c++
COLLECT_LTO_WRAPPER=/home/gaomoqi/anaconda3/envs/torch/bin/../libexec/gcc/x86_64-conda-linux-gnu/11.2.0/lto-wrapper
Target: x86_64-conda-linux-gnu
Configured with: /opt/conda/conda-bld/gcc-compiler_1654084175708/work/gcc/configure --build=x86_64-build_conda-linux-gnu --host=x86_64-build_conda-linux-gnu --target=x86_64-conda-linux-gnu --prefix=/opt/conda/conda-bld/gcc-compiler_1654084175708/work/gcc_built --exec_prefix=/opt/conda/conda-bld/gcc-compiler_1654084175708/work/gcc_built --with-sysroot=/opt/conda/conda-bld/gcc-compiler_1654084175708/work/gcc_built/x86_64-conda-linux-gnu/sysroot --with-local-prefix=/opt/conda/conda-bld/gcc-compiler_1654084175708/work/gcc_built/x86_64-conda-linux-gnu/sysroot --enable-long-long --disable-multilib --disable-nls --with-gmp=/opt/conda/conda-bld/gcc-compiler_1654084175708/work/buildtools --with-mpfr=/opt/conda/conda-bld/gcc-compiler_1654084175708/work/buildtools --with-mpc=/opt/conda/conda-bld/gcc-compiler_1654084175708/work/buildtools --with-isl=/opt/conda/conda-bld/gcc-compiler_1654084175708/work/buildtools --without-zstd --enable-languages=c,c++,fortran,objc,obj-c++ --enable-__cxa_atexit --disable-libmudflap --enable-libgomp --enable-libquadmath --enable-libquadmath-support --enable-libsanitizer --disable-libstdcxx-verbose --enable-lto --enable-libcc1 --enable-threads=posix --enable-plugin --with-pkgversion='Anaconda gcc' --enable-libmpx
Thread model: posix
Supported LTO compression algorithms: zlib
gcc version 11.2.0 (Anaconda gcc) 
COMPILER_PATH=/home/gaomoqi/anaconda3/envs/torch/bin/../libexec/gcc/x86_64-conda-linux-gnu/11.2.0/:/home/gaomoqi/anaconda3/envs/torch/bin/../libexec/gcc/:/home/gaomoqi/anaconda3/envs/torch/bin/../lib/gcc/x86_64-conda-linux-gnu/11.2.0/../../../../x86_64-conda-linux-gnu/bin/
LIBRARY_PATH=/home/gaomoqi/anaconda3/envs/torch/bin/../lib/gcc/x86_64-conda-linux-gnu/11.2.0/:/home/gaomoqi/anaconda3/envs/torch/bin/../lib/gcc/:/home/gaomoqi/anaconda3/envs/torch/bin/../lib/gcc/x86_64-conda-linux-gnu/11.2.0/../../../../x86_64-conda-linux-gnu/lib/../lib64/:/home/gaomoqi/anaconda3/envs/torch/bin/../x86_64-conda-linux-gnu/sysroot/lib/../lib64/:/home/gaomoqi/anaconda3/envs/torch/bin/../x86_64-conda-linux-gnu/sysroot/usr/lib/../lib64/:/home/gaomoqi/anaconda3/envs/torch/bin/../lib/gcc/x86_64-conda-linux-gnu/11.2.0/../../../../x86_64-conda-linux-gnu/lib/:/home/gaomoqi/anaconda3/envs/torch/bin/../x86_64-conda-linux-gnu/sysroot/lib/:/home/gaomoqi/anaconda3/envs/torch/bin/../x86_64-conda-linux-gnu/sysroot/usr/lib/
COLLECT_GCC_OPTIONS='-fvisibility-inlines-hidden' '-std=c++17' '-fmessage-length=0' '-march=nocona' '-mtune=haswell' '-ftree-vectorize' '-fPIC' '-fstack-protector-strong' '-fno-plt' '-O2' '-ffunction-sections' '-pipe' '-isystem' '/home/gaomoqi/anaconda3/envs/torch/include' '-L/home/gaomoqi/anaconda3/envs/torch/lib' '-v' '-o' 'cmTC_4a074' '-shared-libgcc' '-dumpdir' 'cmTC_4a074.'
 /home/gaomoqi/anaconda3/envs/torch/bin/../libexec/gcc/x86_64-conda-linux-gnu/11.2.0/collect2 -plugin /home/gaomoqi/anaconda3/envs/torch/bin/../libexec/gcc/x86_64-conda-linux-gnu/11.2.0/liblto_plugin.so -plugin-opt=/home/gaomoqi/anaconda3/envs/torch/bin/../libexec/gcc/x86_64-conda-linux-gnu/11.2.0/lto-wrapper -plugin-opt=-fresolution=/tmp/cctUUgyr.res -plugin-opt=-pass-through=-lgcc_s -plugin-opt=-pass-through=-lgcc -plugin-opt=-pass-through=-lc -plugin-opt=-pass-through=-lgcc_s -plugin-opt=-pass-through=-lgcc --sysroot=/home/gaomoqi/anaconda3/envs/torch/bin/../x86_64-conda-linux-gnu/sysroot --eh-frame-hdr -m elf_x86_64 -dynamic-linker /lib64/ld-linux-x86-64.so.2 -o cmTC_4a074 /home/gaomoqi/anaconda3/envs/torch/bin/../x86_64-conda-linux-gnu/sysroot/usr/lib/../lib64/crt1.o /home/gaomoqi/anaconda3/envs/torch/bin/../x86_64-conda-linux-gnu/sysroot/usr/lib/../lib64/crti.o /home/gaomoqi/anaconda3/envs/torch/bin/../lib/gcc/x86_64-conda-linux-gnu/11.2.0/crtbegin.o -L/home/gaomoqi/anaconda3/envs/torch/lib -L/home/gaomoqi/anaconda3/envs/torch/bin/../lib/gcc/x86_64-conda-linux-gnu/11.2.0 -L/home/gaomoqi/anaconda3/envs/torch/bin/../lib/gcc -L/home/gaomoqi/anaconda3/envs/torch/bin/../lib/gcc/x86_64-conda-linux-gnu/11.2.0/../../../../x86_64-conda-linux-gnu/lib/../lib64 -L/home/gaomoqi/anaconda3/envs/torch/bin/../x86_64-conda-linux-gnu/sysroot/lib/../lib64 -L/home/gaomoqi/anaconda3/envs/torch/bin/../x86_64-conda-linux-gnu/sysroot/usr/lib/../lib64 -L/home/gaomoqi/anaconda3/envs/torch/bin/../lib/gcc/x86_64-conda-linux-gnu/11.2.0/../../../../x86_64-conda-linux-gnu/lib -L/home/gaomoqi/anaconda3/envs/torch/bin/../x86_64-conda-linux-gnu/sysroot/lib -L/home/gaomoqi/anaconda3/envs/torch/bin/../x86_64-conda-linux-gnu/sysroot/usr/lib -rpath /home/gaomoqi/anaconda3/envs/torch/lib -O2 --sort-common --as-needed -z relro -z now --disable-new-dtags --gc-sections -rpath /home/gaomoqi/anaconda3/envs/torch/lib -rpath-link /home/gaomoqi/anaconda3/envs/torch/lib CMakeFiles/cmTC_4a074.dir/CMakeCXXCompilerABI.cpp.o -lstdc++ -lm -lgcc_s -lgcc -lc -lgcc_s -lgcc /home/gaomoqi/anaconda3/envs/torch/bin/../lib/gcc/x86_64-conda-linux-gnu/11.2.0/crtend.o /home/gaomoqi/anaconda3/envs/torch/bin/../x86_64-conda-linux-gnu/sysroot/usr/lib/../lib64/crtn.o
COLLECT_GCC_OPTIONS='-fvisibility-inlines-hidden' '-std=c++17' '-fmessage-length=0' '-march=nocona' '-mtune=haswell' '-ftree-vectorize' '-fPIC' '-fstack-protector-strong' '-fno-plt' '-O2' '-ffunction-sections' '-pipe' '-isystem' '/home/gaomoqi/anaconda3/envs/torch/include' '-L/home/gaomoqi/anaconda3/envs/torch/lib' '-v' '-o' 'cmTC_4a074' '-shared-libgcc' '-dumpdir' 'cmTC_4a074.'
gmake[1]: Leaving directory '/home/gaomoqi/ArmYolo_ws/build/ur_simulation_gazebo/CMakeFiles/CMakeTmp'



Parsed CXX implicit include dir info from above output: rv=done
  found start of include info
  found start of implicit include info
    add: [/home/gaomoqi/anaconda3/envs/torch/include]
    add: [/home/gaomoqi/anaconda3/envs/torch/bin/../lib/gcc/x86_64-conda-linux-gnu/11.2.0/../../../../x86_64-conda-linux-gnu/include/c++/11.2.0]
    add: [/home/gaomoqi/anaconda3/envs/torch/bin/../lib/gcc/x86_64-conda-linux-gnu/11.2.0/../../../../x86_64-conda-linux-gnu/include/c++/11.2.0/x86_64-conda-linux-gnu]
    add: [/home/gaomoqi/anaconda3/envs/torch/bin/../lib/gcc/x86_64-conda-linux-gnu/11.2.0/../../../../x86_64-conda-linux-gnu/include/c++/11.2.0/backward]
    add: [/home/gaomoqi/anaconda3/envs/torch/bin/../lib/gcc/x86_64-conda-linux-gnu/11.2.0/include]
    add: [/home/gaomoqi/anaconda3/envs/torch/bin/../lib/gcc/x86_64-conda-linux-gnu/11.2.0/include-fixed]
    add: [/home/gaomoqi/anaconda3/envs/torch/bin/../lib/gcc/x86_64-conda-linux-gnu/11.2.0/../../../../x86_64-conda-linux-gnu/include]
    add: [/home/gaomoqi/anaconda3/envs/torch/bin/../x86_64-conda-linux-gnu/sysroot/usr/include]
  end of search list found
  collapse include dir [/home/gaomoqi/anaconda3/envs/torch/include] ==> [/home/gaomoqi/anaconda3/envs/torch/include]
  collapse include dir [/home/gaomoqi/anaconda3/envs/torch/bin/../lib/gcc/x86_64-conda-linux-gnu/11.2.0/../../../../x86_64-conda-linux-gnu/include/c++/11.2.0] ==> [/home/gaomoqi/anaconda3/envs/torch/x86_64-conda-linux-gnu/include/c++/11.2.0]
  collapse include dir [/home/gaomoqi/anaconda3/envs/torch/bin/../lib/gcc/x86_64-conda-linux-gnu/11.2.0/../../../../x86_64-conda-linux-gnu/include/c++/11.2.0/x86_64-conda-linux-gnu] ==> [/home/gaomoqi/anaconda3/envs/torch/x86_64-conda-linux-gnu/include/c++/11.2.0/x86_64-conda-linux-gnu]
  collapse include dir [/home/gaomoqi/anaconda3/envs/torch/bin/../lib/gcc/x86_64-conda-linux-gnu/11.2.0/../../../../x86_64-conda-linux-gnu/include/c++/11.2.0/backward] ==> [/home/gaomoqi/anaconda3/envs/torch/x86_64-conda-linux-gnu/include/c++/11.2.0/backward]
  collapse include dir [/home/gaomoqi/anaconda3/envs/torch/bin/../lib/gcc/x86_64-conda-linux-gnu/11.2.0/include] ==> [/home/gaomoqi/anaconda3/envs/torch/lib/gcc/x86_64-conda-linux-gnu/11.2.0/include]
  collapse include dir [/home/gaomoqi/anaconda3/envs/torch/bin/../lib/gcc/x86_64-conda-linux-gnu/11.2.0/include-fixed] ==> [/home/gaomoqi/anaconda3/envs/torch/lib/gcc/x86_64-conda-linux-gnu/11.2.0/include-fixed]
  collapse include dir [/home/gaomoqi/anaconda3/envs/torch/bin/../lib/gcc/x86_64-conda-linux-gnu/11.2.0/../../../../x86_64-conda-linux-gnu/include] ==> [/home/gaomoqi/anaconda3/envs/torch/x86_64-conda-linux-gnu/include]
  collapse include dir [/home/gaomoqi/anaconda3/envs/torch/bin/../x86_64-conda-linux-gnu/sysroot/usr/include] ==> [/home/gaomoqi/anaconda3/envs/torch/x86_64-conda-linux-gnu/sysroot/usr/include]
  implicit include dirs: [/home/gaomoqi/anaconda3/envs/torch/include;/home/gaomoqi/anaconda3/envs/torch/x86_64-conda-linux-gnu/include/c++/11.2.0;/home/gaomoqi/anaconda3/envs/torch/x86_64-conda-linux-gnu/include/c++/11.2.0/x86_64-conda-linux-gnu;/home/gaomoqi/anaconda3/envs/torch/x86_64-conda-linux-gnu/include/c++/11.2.0/backward;/home/gaomoqi/anaconda3/envs/torch/lib/gcc/x86_64-conda-linux-gnu/11.2.0/include;/home/gaomoqi/anaconda3/envs/torch/lib/gcc/x86_64-conda-linux-gnu/11.2.0/include-fixed;/home/gaomoqi/anaconda3/envs/torch/x86_64-conda-linux-gnu/include;/home/gaomoqi/anaconda3/envs/torch/x86_64-conda-linux-gnu/sysroot/usr/include]


Parsed CXX implicit link information from above output:
  link line regex: [^( *|.*[/\])(x86_64-conda-linux-gnu-ld|CMAKE_LINK_STARTFILE-NOTFOUND|([^/\]+-)?ld|collect2)[^/\]*( |$)]
  ignore line: [Change Dir: /home/gaomoqi/ArmYolo_ws/build/ur_simulation_gazebo/CMakeFiles/CMakeTmp]
  ignore line: []
  ignore line: [Run Build Command(s):/usr/bin/gmake -f Makefile cmTC_4a074/fast && /usr/bin/gmake  -f CMakeFiles/cmTC_4a074.dir/build.make CMakeFiles/cmTC_4a074.dir/build]
  ignore line: [gmake[1]: Entering directory '/home/gaomoqi/ArmYolo_ws/build/ur_simulation_gazebo/CMakeFiles/CMakeTmp']
  ignore line: [Building CXX object CMakeFiles/cmTC_4a074.dir/CMakeCXXCompilerABI.cpp.o]
  ignore line: [/home/gaomoqi/anaconda3/envs/torch/bin/x86_64-conda-linux-gnu-c++   -fvisibility-inlines-hidden -std=c++17 -fmessage-length=0 -march=nocona -mtune=haswell -ftree-vectorize -fPIC -fstack-protector-strong -fno-plt -O2 -ffunction-sections -pipe -isystem /home/gaomoqi/anaconda3/envs/torch/include    -v -o CMakeFiles/cmTC_4a074.dir/CMakeCXXCompilerABI.cpp.o -c /usr/share/cmake-3.22/Modules/CMakeCXXCompilerABI.cpp]
  ignore line: [Reading specs from /home/gaomoqi/anaconda3/envs/torch/bin/../lib/gcc/x86_64-conda-linux-gnu/11.2.0/specs]
  ignore line: [COLLECT_GCC=/home/gaomoqi/anaconda3/envs/torch/bin/x86_64-conda-linux-gnu-c++]
  ignore line: [Target: x86_64-conda-linux-gnu]
  ignore line: [Configured with: /opt/conda/conda-bld/gcc-compiler_1654084175708/work/gcc/configure --build=x86_64-build_conda-linux-gnu --host=x86_64-build_conda-linux-gnu --target=x86_64-conda-linux-gnu --prefix=/opt/conda/conda-bld/gcc-compiler_1654084175708/work/gcc_built --exec_prefix=/opt/conda/conda-bld/gcc-compiler_1654084175708/work/gcc_built --with-sysroot=/opt/conda/conda-bld/gcc-compiler_1654084175708/work/gcc_built/x86_64-conda-linux-gnu/sysroot --with-local-prefix=/opt/conda/conda-bld/gcc-compiler_1654084175708/work/gcc_built/x86_64-conda-linux-gnu/sysroot --enable-long-long --disable-multilib --disable-nls --with-gmp=/opt/conda/conda-bld/gcc-compiler_1654084175708/work/buildtools --with-mpfr=/opt/conda/conda-bld/gcc-compiler_1654084175708/work/buildtools --with-mpc=/opt/conda/conda-bld/gcc-compiler_1654084175708/work/buildtools --with-isl=/opt/conda/conda-bld/gcc-compiler_1654084175708/work/buildtools --without-zstd --enable-languages=c c++ fortran objc obj-c++ --enable-__cxa_atexit --disable-libmudflap --enable-libgomp --enable-libquadmath --enable-libquadmath-support --enable-libsanitizer --disable-libstdcxx-verbose --enable-lto --enable-libcc1 --enable-threads=posix --enable-plugin --with-pkgversion='Anaconda gcc' --enable-libmpx]
  ignore line: [Thread model: posix]
  ignore line: [Supported LTO compression algorithms: zlib]
  ignore line: [gcc version 11.2.0 (Anaconda gcc) ]
  ignore line: [COLLECT_GCC_OPTIONS='-fvisibility-inlines-hidden' '-std=c++17' '-fmessage-length=0' '-march=nocona' '-mtune=haswell' '-ftree-vectorize' '-fPIC' '-fstack-protector-strong' '-fno-plt' '-O2' '-ffunction-sections' '-pipe' '-isystem' '/home/gaomoqi/anaconda3/envs/torch/include' '-v' '-o' 'CMakeFiles/cmTC_4a074.dir/CMakeCXXCompilerABI.cpp.o' '-c' '-shared-libgcc' '-dumpdir' 'CMakeFiles/cmTC_4a074.dir/']
  ignore line: [ /home/gaomoqi/anaconda3/envs/torch/bin/../libexec/gcc/x86_64-conda-linux-gnu/11.2.0/cc1plus -quiet -v -iprefix /home/gaomoqi/anaconda3/envs/torch/bin/../lib/gcc/x86_64-conda-linux-gnu/11.2.0/ -isysroot /home/gaomoqi/anaconda3/envs/torch/bin/../x86_64-conda-linux-gnu/sysroot -D_GNU_SOURCE -isystem /home/gaomoqi/anaconda3/envs/torch/include /usr/share/cmake-3.22/Modules/CMakeCXXCompilerABI.cpp -quiet -dumpdir CMakeFiles/cmTC_4a074.dir/ -dumpbase CMakeCXXCompilerABI.cpp.cpp -dumpbase-ext .cpp -march=nocona -mtune=haswell -O2 -std=c++17 -version -fvisibility-inlines-hidden -fmessage-length=0 -ftree-vectorize -fPIC -fstack-protector-strong -fno-plt -ffunction-sections -o - |]
  ignore line: [ /home/gaomoqi/anaconda3/envs/torch/bin/../lib/gcc/x86_64-conda-linux-gnu/11.2.0/../../../../x86_64-conda-linux-gnu/bin/as -v --64 -o CMakeFiles/cmTC_4a074.dir/CMakeCXXCompilerABI.cpp.o]
  ignore line: [GNU assembler version 2.40 (x86_64-conda-linux-gnu) using BFD version (Anaconda binutils) 2.40]
  ignore line: [GNU C++17 (Anaconda gcc) version 11.2.0 (x86_64-conda-linux-gnu)]
  ignore line: [	compiled by GNU C version 11.2.0  GMP version 6.2.1  MPFR version 4.1.0  MPC version 1.2.1  isl version isl-0.24-GMP]
  ignore line: []
  ignore line: [GGC heuristics: --param ggc-min-expand=100 --param ggc-min-heapsize=131072]
  ignore line: [ignoring duplicate directory "/home/gaomoqi/anaconda3/envs/torch/bin/../lib/gcc/../../lib/gcc/x86_64-conda-linux-gnu/11.2.0/../../../../x86_64-conda-linux-gnu/include/c++/11.2.0"]
  ignore line: [ignoring duplicate directory "/home/gaomoqi/anaconda3/envs/torch/bin/../lib/gcc/../../lib/gcc/x86_64-conda-linux-gnu/11.2.0/../../../../x86_64-conda-linux-gnu/include/c++/11.2.0/x86_64-conda-linux-gnu"]
  ignore line: [ignoring duplicate directory "/home/gaomoqi/anaconda3/envs/torch/bin/../lib/gcc/../../lib/gcc/x86_64-conda-linux-gnu/11.2.0/../../../../x86_64-conda-linux-gnu/include/c++/11.2.0/backward"]
  ignore line: [ignoring duplicate directory "/home/gaomoqi/anaconda3/envs/torch/bin/../lib/gcc/../../lib/gcc/x86_64-conda-linux-gnu/11.2.0/include"]
  ignore line: [ignoring nonexistent directory "/home/gaomoqi/anaconda3/envs/torch/bin/../x86_64-conda-linux-gnu/sysroot/opt/conda/conda-bld/gcc-compiler_1654084175708/work/gcc_built/x86_64-conda-linux-gnu/sysroot/include"]
  ignore line: [ignoring duplicate directory "/home/gaomoqi/anaconda3/envs/torch/bin/../lib/gcc/../../lib/gcc/x86_64-conda-linux-gnu/11.2.0/include-fixed"]
  ignore line: [ignoring duplicate directory "/home/gaomoqi/anaconda3/envs/torch/bin/../lib/gcc/../../lib/gcc/x86_64-conda-linux-gnu/11.2.0/../../../../x86_64-conda-linux-gnu/include"]
  ignore line: [#include "..." search starts here:]
  ignore line: [#include <...> search starts here:]
  ignore line: [ /home/gaomoqi/anaconda3/envs/torch/include]
  ignore line: [ /home/gaomoqi/anaconda3/envs/torch/bin/../lib/gcc/x86_64-conda-linux-gnu/11.2.0/../../../../x86_64-conda-linux-gnu/include/c++/11.2.0]
  ignore line: [ /home/gaomoqi/anaconda3/envs/torch/bin/../lib/gcc/x86_64-conda-linux-gnu/11.2.0/../../../../x86_64-conda-linux-gnu/include/c++/11.2.0/x86_64-conda-linux-gnu]
  ignore line: [ /home/gaomoqi/anaconda3/envs/torch/bin/../lib/gcc/x86_64-conda-linux-gnu/11.2.0/../../../../x86_64-conda-linux-gnu/include/c++/11.2.0/backward]
  ignore line: [ /home/gaomoqi/anaconda3/envs/torch/bin/../lib/gcc/x86_64-conda-linux-gnu/11.2.0/include]
  ignore line: [ /home/gaomoqi/anaconda3/envs/torch/bin/../lib/gcc/x86_64-conda-linux-gnu/11.2.0/include-fixed]
  ignore line: [ /home/gaomoqi/anaconda3/envs/torch/bin/../lib/gcc/x86_64-conda-linux-gnu/11.2.0/../../../../x86_64-conda-linux-gnu/include]
  ignore line: [ /home/gaomoqi/anaconda3/envs/torch/bin/../x86_64-conda-linux-gnu/sysroot/usr/include]
  ignore line: [End of search list.]
  ignore line: [GNU C++17 (Anaconda gcc) version 11.2.0 (x86_64-conda-linux-gnu)]
  ignore line: [	compiled by GNU C version 11.2.0  GMP version 6.2.1  MPFR version 4.1.0  MPC version 1.2.1  isl version isl-0.24-GMP]
  ignore line: []
  ignore line: [GGC heuristics: --param ggc-min-expand=100 --param ggc-min-heapsize=131072]
  ignore line: [Compiler executable checksum: dcd220e6e6985dc6323f6310e48ad8dd]
  ignore line: [COMPILER_PATH=/home/gaomoqi/anaconda3/envs/torch/bin/../libexec/gcc/x86_64-conda-linux-gnu/11.2.0/:/home/gaomoqi/anaconda3/envs/torch/bin/../libexec/gcc/:/home/gaomoqi/anaconda3/envs/torch/bin/../lib/gcc/x86_64-conda-linux-gnu/11.2.0/../../../../x86_64-conda-linux-gnu/bin/]
  ignore line: [LIBRARY_PATH=/home/gaomoqi/anaconda3/envs/torch/bin/../lib/gcc/x86_64-conda-linux-gnu/11.2.0/:/home/gaomoqi/anaconda3/envs/torch/bin/../lib/gcc/:/home/gaomoqi/anaconda3/envs/torch/bin/../lib/gcc/x86_64-conda-linux-gnu/11.2.0/../../../../x86_64-conda-linux-gnu/lib/../lib64/:/home/gaomoqi/anaconda3/envs/torch/bin/../x86_64-conda-linux-gnu/sysroot/lib/../lib64/:/home/gaomoqi/anaconda3/envs/torch/bin/../x86_64-conda-linux-gnu/sysroot/usr/lib/../lib64/:/home/gaomoqi/anaconda3/envs/torch/bin/../lib/gcc/x86_64-conda-linux-gnu/11.2.0/../../../../x86_64-conda-linux-gnu/lib/:/home/gaomoqi/anaconda3/envs/torch/bin/../x86_64-conda-linux-gnu/sysroot/lib/:/home/gaomoqi/anaconda3/envs/torch/bin/../x86_64-conda-linux-gnu/sysroot/usr/lib/]
  ignore line: [COLLECT_GCC_OPTIONS='-fvisibility-inlines-hidden' '-std=c++17' '-fmessage-length=0' '-march=nocona' '-mtune=haswell' '-ftree-vectorize' '-fPIC' '-fstack-protector-strong' '-fno-plt' '-O2' '-ffunction-sections' '-pipe' '-isystem' '/home/gaomoqi/anaconda3/envs/torch/include' '-v' '-o' 'CMakeFiles/cmTC_4a074.dir/CMakeCXXCompilerABI.cpp.o' '-c' '-shared-libgcc' '-dumpdir' 'CMakeFiles/cmTC_4a074.dir/CMakeCXXCompilerABI.cpp.']
  ignore line: [Linking CXX executable cmTC_4a074]
  ignore line: [/usr/bin/cmake -E cmake_link_script CMakeFiles/cmTC_4a074.dir/link.txt --verbose=1]
  ignore line: [/home/gaomoqi/anaconda3/envs/torch/bin/x86_64-conda-linux-gnu-c++ -fvisibility-inlines-hidden -std=c++17 -fmessage-length=0 -march=nocona -mtune=haswell -ftree-vectorize -fPIC -fstack-protector-strong -fno-plt -O2 -ffunction-sections -pipe -isystem /home/gaomoqi/anaconda3/envs/torch/include  -Wl -O2 -Wl --sort-common -Wl --as-needed -Wl -z relro -Wl -z now -Wl --disable-new-dtags -Wl --gc-sections -Wl -rpath /home/gaomoqi/anaconda3/envs/torch/lib -Wl -rpath-link /home/gaomoqi/anaconda3/envs/torch/lib -L/home/gaomoqi/anaconda3/envs/torch/lib -v CMakeFiles/cmTC_4a074.dir/CMakeCXXCompilerABI.cpp.o -o cmTC_4a074 ]
  ignore line: [Reading specs from /home/gaomoqi/anaconda3/envs/torch/bin/../lib/gcc/x86_64-conda-linux-gnu/11.2.0/specs]
  ignore line: [COLLECT_GCC=/home/gaomoqi/anaconda3/envs/torch/bin/x86_64-conda-linux-gnu-c++]
  ignore line: [COLLECT_LTO_WRAPPER=/home/gaomoqi/anaconda3/envs/torch/bin/../libexec/gcc/x86_64-conda-linux-gnu/11.2.0/lto-wrapper]
  ignore line: [Target: x86_64-conda-linux-gnu]
  ignore line: [Configured with: /opt/conda/conda-bld/gcc-compiler_1654084175708/work/gcc/configure --build=x86_64-build_conda-linux-gnu --host=x86_64-build_conda-linux-gnu --target=x86_64-conda-linux-gnu --prefix=/opt/conda/conda-bld/gcc-compiler_1654084175708/work/gcc_built --exec_prefix=/opt/conda/conda-bld/gcc-compiler_1654084175708/work/gcc_built --with-sysroot=/opt/conda/conda-bld/gcc-compiler_1654084175708/work/gcc_built/x86_64-conda-linux-gnu/sysroot --with-local-prefix=/opt/conda/conda-bld/gcc-compiler_1654084175708/work/gcc_built/x86_64-conda-linux-gnu/sysroot --enable-long-long --disable-multilib --disable-nls --with-gmp=/opt/conda/conda-bld/gcc-compiler_1654084175708/work/buildtools --with-mpfr=/opt/conda/conda-bld/gcc-compiler_1654084175708/work/buildtools --with-mpc=/opt/conda/conda-bld/gcc-compiler_1654084175708/work/buildtools --with-isl=/opt/conda/conda-bld/gcc-compiler_1654084175708/work/buildtools --without-zstd --enable-languages=c c++ fortran objc obj-c++ --enable-__cxa_atexit --disable-libmudflap --enable-libgomp --enable-libquadmath --enable-libquadmath-support --enable-libsanitizer --disable-libstdcxx-verbose --enable-lto --enable-libcc1 --enable-threads=posix --enable-plugin --with-pkgversion='Anaconda gcc' --enable-libmpx]
  ignore line: [Thread model: posix]
  ignore line: [Supported LTO compression algorithms: zlib]
  ignore line: [gcc version 11.2.0 (Anaconda gcc) ]
  ignore line: [COMPILER_PATH=/home/gaomoqi/anaconda3/envs/torch/bin/../libexec/gcc/x86_64-conda-linux-gnu/11.2.0/:/home/gaomoqi/anaconda3/envs/torch/bin/../libexec/gcc/:/home/gaomoqi/anaconda3/envs/torch/bin/../lib/gcc/x86_64-conda-linux-gnu/11.2.0/../../../../x86_64-conda-linux-gnu/bin/]
  ignore line: [LIBRARY_PATH=/home/gaomoqi/anaconda3/envs/torch/bin/../lib/gcc/x86_64-conda-linux-gnu/11.2.0/:/home/gaomoqi/anaconda3/envs/torch/bin/../lib/gcc/:/home/gaomoqi/anaconda3/envs/torch/bin/../lib/gcc/x86_64-conda-linux-gnu/11.2.0/../../../../x86_64-conda-linux-gnu/lib/../lib64/:/home/gaomoqi/anaconda3/envs/torch/bin/../x86_64-conda-linux-gnu/sysroot/lib/../lib64/:/home/gaomoqi/anaconda3/envs/torch/bin/../x86_64-conda-linux-gnu/sysroot/usr/lib/../lib64/:/home/gaomoqi/anaconda3/envs/torch/bin/../lib/gcc/x86_64-conda-linux-gnu/11.2.0/../../../../x86_64-conda-linux-gnu/lib/:/home/gaomoqi/anaconda3/envs/torch/bin/../x86_64-conda-linux-gnu/sysroot/lib/:/home/gaomoqi/anaconda3/envs/torch/bin/../x86_64-conda-linux-gnu/sysroot/usr/lib/]
  ignore line: [COLLECT_GCC_OPTIONS='-fvisibility-inlines-hidden' '-std=c++17' '-fmessage-length=0' '-march=nocona' '-mtune=haswell' '-ftree-vectorize' '-fPIC' '-fstack-protector-strong' '-fno-plt' '-O2' '-ffunction-sections' '-pipe' '-isystem' '/home/gaomoqi/anaconda3/envs/torch/include' '-L/home/gaomoqi/anaconda3/envs/torch/lib' '-v' '-o' 'cmTC_4a074' '-shared-libgcc' '-dumpdir' 'cmTC_4a074.']
  link line: [ /home/gaomoqi/anaconda3/envs/torch/bin/../libexec/gcc/x86_64-conda-linux-gnu/11.2.0/collect2 -plugin /home/gaomoqi/anaconda3/envs/torch/bin/../libexec/gcc/x86_64-conda-linux-gnu/11.2.0/liblto_plugin.so -plugin-opt=/home/gaomoqi/anaconda3/envs/torch/bin/../libexec/gcc/x86_64-conda-linux-gnu/11.2.0/lto-wrapper -plugin-opt=-fresolution=/tmp/cctUUgyr.res -plugin-opt=-pass-through=-lgcc_s -plugin-opt=-pass-through=-lgcc -plugin-opt=-pass-through=-lc -plugin-opt=-pass-through=-lgcc_s -plugin-opt=-pass-through=-lgcc --sysroot=/home/gaomoqi/anaconda3/envs/torch/bin/../x86_64-conda-linux-gnu/sysroot --eh-frame-hdr -m elf_x86_64 -dynamic-linker /lib64/ld-linux-x86-64.so.2 -o cmTC_4a074 /home/gaomoqi/anaconda3/envs/torch/bin/../x86_64-conda-linux-gnu/sysroot/usr/lib/../lib64/crt1.o /home/gaomoqi/anaconda3/envs/torch/bin/../x86_64-conda-linux-gnu/sysroot/usr/lib/../lib64/crti.o /home/gaomoqi/anaconda3/envs/torch/bin/../lib/gcc/x86_64-conda-linux-gnu/11.2.0/crtbegin.o -L/home/gaomoqi/anaconda3/envs/torch/lib -L/home/gaomoqi/anaconda3/envs/torch/bin/../lib/gcc/x86_64-conda-linux-gnu/11.2.0 -L/home/gaomoqi/anaconda3/envs/torch/bin/../lib/gcc -L/home/gaomoqi/anaconda3/envs/torch/bin/../lib/gcc/x86_64-conda-linux-gnu/11.2.0/../../../../x86_64-conda-linux-gnu/lib/../lib64 -L/home/gaomoqi/anaconda3/envs/torch/bin/../x86_64-conda-linux-gnu/sysroot/lib/../lib64 -L/home/gaomoqi/anaconda3/envs/torch/bin/../x86_64-conda-linux-gnu/sysroot/usr/lib/../lib64 -L/home/gaomoqi/anaconda3/envs/torch/bin/../lib/gcc/x86_64-conda-linux-gnu/11.2.0/../../../../x86_64-conda-linux-gnu/lib -L/home/gaomoqi/anaconda3/envs/torch/bin/../x86_64-conda-linux-gnu/sysroot/lib -L/home/gaomoqi/anaconda3/envs/torch/bin/../x86_64-conda-linux-gnu/sysroot/usr/lib -rpath /home/gaomoqi/anaconda3/envs/torch/lib -O2 --sort-common --as-needed -z relro -z now --disable-new-dtags --gc-sections -rpath /home/gaomoqi/anaconda3/envs/torch/lib -rpath-link /home/gaomoqi/anaconda3/envs/torch/lib CMakeFiles/cmTC_4a074.dir/CMakeCXXCompilerABI.cpp.o -lstdc++ -lm -lgcc_s -lgcc -lc -lgcc_s -lgcc /home/gaomoqi/anaconda3/envs/torch/bin/../lib/gcc/x86_64-conda-linux-gnu/11.2.0/crtend.o /home/gaomoqi/anaconda3/envs/torch/bin/../x86_64-conda-linux-gnu/sysroot/usr/lib/../lib64/crtn.o]
    arg [/home/gaomoqi/anaconda3/envs/torch/bin/../libexec/gcc/x86_64-conda-linux-gnu/11.2.0/collect2] ==> ignore
    arg [-plugin] ==> ignore
    arg [/home/gaomoqi/anaconda3/envs/torch/bin/../libexec/gcc/x86_64-conda-linux-gnu/11.2.0/liblto_plugin.so] ==> ignore
    arg [-plugin-opt=/home/gaomoqi/anaconda3/envs/torch/bin/../libexec/gcc/x86_64-conda-linux-gnu/11.2.0/lto-wrapper] ==> ignore
    arg [-plugin-opt=-fresolution=/tmp/cctUUgyr.res] ==> ignore
    arg [-plugin-opt=-pass-through=-lgcc_s] ==> ignore
    arg [-plugin-opt=-pass-through=-lgcc] ==> ignore
    arg [-plugin-opt=-pass-through=-lc] ==> ignore
    arg [-plugin-opt=-pass-through=-lgcc_s] ==> ignore
    arg [-plugin-opt=-pass-through=-lgcc] ==> ignore
    arg [--sysroot=/home/gaomoqi/anaconda3/envs/torch/bin/../x86_64-conda-linux-gnu/sysroot] ==> ignore
    arg [--eh-frame-hdr] ==> ignore
    arg [-m] ==> ignore
    arg [elf_x86_64] ==> ignore
    arg [-dynamic-linker] ==> ignore
    arg [/lib64/ld-linux-x86-64.so.2] ==> ignore
    arg [-o] ==> ignore
    arg [cmTC_4a074] ==> ignore
    arg [/home/gaomoqi/anaconda3/envs/torch/bin/../x86_64-conda-linux-gnu/sysroot/usr/lib/../lib64/crt1.o] ==> obj [/home/gaomoqi/anaconda3/envs/torch/bin/../x86_64-conda-linux-gnu/sysroot/usr/lib/../lib64/crt1.o]
    arg [/home/gaomoqi/anaconda3/envs/torch/bin/../x86_64-conda-linux-gnu/sysroot/usr/lib/../lib64/crti.o] ==> obj [/home/gaomoqi/anaconda3/envs/torch/bin/../x86_64-conda-linux-gnu/sysroot/usr/lib/../lib64/crti.o]
    arg [/home/gaomoqi/anaconda3/envs/torch/bin/../lib/gcc/x86_64-conda-linux-gnu/11.2.0/crtbegin.o] ==> obj [/home/gaomoqi/anaconda3/envs/torch/bin/../lib/gcc/x86_64-conda-linux-gnu/11.2.0/crtbegin.o]
    arg [-L/home/gaomoqi/anaconda3/envs/torch/lib] ==> dir [/home/gaomoqi/anaconda3/envs/torch/lib]
    arg [-L/home/gaomoqi/anaconda3/envs/torch/bin/../lib/gcc/x86_64-conda-linux-gnu/11.2.0] ==> dir [/home/gaomoqi/anaconda3/envs/torch/bin/../lib/gcc/x86_64-conda-linux-gnu/11.2.0]
    arg [-L/home/gaomoqi/anaconda3/envs/torch/bin/../lib/gcc] ==> dir [/home/gaomoqi/anaconda3/envs/torch/bin/../lib/gcc]
    arg [-L/home/gaomoqi/anaconda3/envs/torch/bin/../lib/gcc/x86_64-conda-linux-gnu/11.2.0/../../../../x86_64-conda-linux-gnu/lib/../lib64] ==> dir [/home/gaomoqi/anaconda3/envs/torch/bin/../lib/gcc/x86_64-conda-linux-gnu/11.2.0/../../../../x86_64-conda-linux-gnu/lib/../lib64]
    arg [-L/home/gaomoqi/anaconda3/envs/torch/bin/../x86_64-conda-linux-gnu/sysroot/lib/../lib64] ==> dir [/home/gaomoqi/anaconda3/envs/torch/bin/../x86_64-conda-linux-gnu/sysroot/lib/../lib64]
    arg [-L/home/gaomoqi/anaconda3/envs/torch/bin/../x86_64-conda-linux-gnu/sysroot/usr/lib/../lib64] ==> dir [/home/gaomoqi/anaconda3/envs/torch/bin/../x86_64-conda-linux-gnu/sysroot/usr/lib/../lib64]
    arg [-L/home/gaomoqi/anaconda3/envs/torch/bin/../lib/gcc/x86_64-conda-linux-gnu/11.2.0/../../../../x86_64-conda-linux-gnu/lib] ==> dir [/home/gaomoqi/anaconda3/envs/torch/bin/../lib/gcc/x86_64-conda-linux-gnu/11.2.0/../../../../x86_64-conda-linux-gnu/lib]
    arg [-L/home/gaomoqi/anaconda3/envs/torch/bin/../x86_64-conda-linux-gnu/sysroot/lib] ==> dir [/home/gaomoqi/anaconda3/envs/torch/bin/../x86_64-conda-linux-gnu/sysroot/lib]
    arg [-L/home/gaomoqi/anaconda3/envs/torch/bin/../x86_64-conda-linux-gnu/sysroot/usr/lib] ==> dir [/home/gaomoqi/anaconda3/envs/torch/bin/../x86_64-conda-linux-gnu/sysroot/usr/lib]
    arg [-rpath] ==> ignore
    arg [/home/gaomoqi/anaconda3/envs/torch/lib] ==> ignore
    arg [-O2] ==> ignore
    arg [--sort-common] ==> ignore
    arg [--as-needed] ==> ignore
    arg [-zrelro] ==> ignore
    arg [-znow] ==> ignore
    arg [--disable-new-dtags] ==> ignore
    arg [--gc-sections] ==> ignore
    arg [-rpath] ==> ignore
    arg [/home/gaomoqi/anaconda3/envs/torch/lib] ==> ignore
    arg [-rpath-link] ==> ignore
    arg [/home/gaomoqi/anaconda3/envs/torch/lib] ==> ignore
    arg [CMakeFiles/cmTC_4a074.dir/CMakeCXXCompilerABI.cpp.o] ==> ignore
    arg [-lstdc++] ==> lib [stdc++]
    arg [-lm] ==> lib [m]
    arg [-lgcc_s] ==> lib [gcc_s]
    arg [-lgcc] ==> lib [gcc]
    arg [-lc] ==> lib [c]
    arg [-lgcc_s] ==> lib [gcc_s]
    arg [-lgcc] ==> lib [gcc]
    arg [/home/gaomoqi/anaconda3/envs/torch/bin/../lib/gcc/x86_64-conda-linux-gnu/11.2.0/crtend.o] ==> obj [/home/gaomoqi/anaconda3/envs/torch/bin/../lib/gcc/x86_64-conda-linux-gnu/11.2.0/crtend.o]
    arg [/home/gaomoqi/anaconda3/envs/torch/bin/../x86_64-conda-linux-gnu/sysroot/usr/lib/../lib64/crtn.o] ==> obj [/home/gaomoqi/anaconda3/envs/torch/bin/../x86_64-conda-linux-gnu/sysroot/usr/lib/../lib64/crtn.o]
  collapse obj [/home/gaomoqi/anaconda3/envs/torch/bin/../x86_64-conda-linux-gnu/sysroot/usr/lib/../lib64/crt1.o] ==> [/home/gaomoqi/anaconda3/envs/torch/x86_64-conda-linux-gnu/sysroot/usr/lib64/crt1.o]
  collapse obj [/home/gaomoqi/anaconda3/envs/torch/bin/../x86_64-conda-linux-gnu/sysroot/usr/lib/../lib64/crti.o] ==> [/home/gaomoqi/anaconda3/envs/torch/x86_64-conda-linux-gnu/sysroot/usr/lib64/crti.o]
  collapse obj [/home/gaomoqi/anaconda3/envs/torch/bin/../lib/gcc/x86_64-conda-linux-gnu/11.2.0/crtbegin.o] ==> [/home/gaomoqi/anaconda3/envs/torch/lib/gcc/x86_64-conda-linux-gnu/11.2.0/crtbegin.o]
  collapse obj [/home/gaomoqi/anaconda3/envs/torch/bin/../lib/gcc/x86_64-conda-linux-gnu/11.2.0/crtend.o] ==> [/home/gaomoqi/anaconda3/envs/torch/lib/gcc/x86_64-conda-linux-gnu/11.2.0/crtend.o]
  collapse obj [/home/gaomoqi/anaconda3/envs/torch/bin/../x86_64-conda-linux-gnu/sysroot/usr/lib/../lib64/crtn.o] ==> [/home/gaomoqi/anaconda3/envs/torch/x86_64-conda-linux-gnu/sysroot/usr/lib64/crtn.o]
  collapse library dir [/home/gaomoqi/anaconda3/envs/torch/lib] ==> [/home/gaomoqi/anaconda3/envs/torch/lib]
  collapse library dir [/home/gaomoqi/anaconda3/envs/torch/bin/../lib/gcc/x86_64-conda-linux-gnu/11.2.0] ==> [/home/gaomoqi/anaconda3/envs/torch/lib/gcc/x86_64-conda-linux-gnu/11.2.0]
  collapse library dir [/home/gaomoqi/anaconda3/envs/torch/bin/../lib/gcc] ==> [/home/gaomoqi/anaconda3/envs/torch/lib/gcc]
  collapse library dir [/home/gaomoqi/anaconda3/envs/torch/bin/../lib/gcc/x86_64-conda-linux-gnu/11.2.0/../../../../x86_64-conda-linux-gnu/lib/../lib64] ==> [/home/gaomoqi/anaconda3/envs/torch/x86_64-conda-linux-gnu/lib64]
  collapse library dir [/home/gaomoqi/anaconda3/envs/torch/bin/../x86_64-conda-linux-gnu/sysroot/lib/../lib64] ==> [/home/gaomoqi/anaconda3/envs/torch/x86_64-conda-linux-gnu/sysroot/lib64]
  collapse library dir [/home/gaomoqi/anaconda3/envs/torch/bin/../x86_64-conda-linux-gnu/sysroot/usr/lib/../lib64] ==> [/home/gaomoqi/anaconda3/envs/torch/x86_64-conda-linux-gnu/sysroot/usr/lib64]
  collapse library dir [/home/gaomoqi/anaconda3/envs/torch/bin/../lib/gcc/x86_64-conda-linux-gnu/11.2.0/../../../../x86_64-conda-linux-gnu/lib] ==> [/home/gaomoqi/anaconda3/envs/torch/x86_64-conda-linux-gnu/lib]
  collapse library dir [/home/gaomoqi/anaconda3/envs/torch/bin/../x86_64-conda-linux-gnu/sysroot/lib] ==> [/home/gaomoqi/anaconda3/envs/torch/x86_64-conda-linux-gnu/sysroot/lib]
  collapse library dir [/home/gaomoqi/anaconda3/envs/torch/bin/../x86_64-conda-linux-gnu/sysroot/usr/lib] ==> [/home/gaomoqi/anaconda3/envs/torch/x86_64-conda-linux-gnu/sysroot/usr/lib]
  implicit libs: [stdc++;m;gcc_s;gcc;c;gcc_s;gcc]
  implicit objs: [/home/gaomoqi/anaconda3/envs/torch/x86_64-conda-linux-gnu/sysroot/usr/lib64/crt1.o;/home/gaomoqi/anaconda3/envs/torch/x86_64-conda-linux-gnu/sysroot/usr/lib64/crti.o;/home/gaomoqi/anaconda3/envs/torch/lib/gcc/x86_64-conda-linux-gnu/11.2.0/crtbegin.o;/home/gaomoqi/anaconda3/envs/torch/lib/gcc/x86_64-conda-linux-gnu/11.2.0/crtend.o;/home/gaomoqi/anaconda3/envs/torch/x86_64-conda-linux-gnu/sysroot/usr/lib64/crtn.o]
  implicit dirs: [/home/gaomoqi/anaconda3/envs/torch/lib;/home/gaomoqi/anaconda3/envs/torch/lib/gcc/x86_64-conda-linux-gnu/11.2.0;/home/gaomoqi/anaconda3/envs/torch/lib/gcc;/home/gaomoqi/anaconda3/envs/torch/x86_64-conda-linux-gnu/lib64;/home/gaomoqi/anaconda3/envs/torch/x86_64-conda-linux-gnu/sysroot/lib64;/home/gaomoqi/anaconda3/envs/torch/x86_64-conda-linux-gnu/sysroot/usr/lib64;/home/gaomoqi/anaconda3/envs/torch/x86_64-conda-linux-gnu/lib;/home/gaomoqi/anaconda3/envs/torch/x86_64-conda-linux-gnu/sysroot/lib;/home/gaomoqi/anaconda3/envs/torch/x86_64-conda-linux-gnu/sysroot/usr/lib]
  implicit fwks: []


